Nov-11 13:08:23.552 [main] DEBUG nextflow.cli.Launcher - $> nextflow run script1.nf
Nov-11 13:08:23.674 [main] DEBUG nextflow.cli.CmdRun - N E X T F L O W  ~  version 25.10.0
Nov-11 13:08:23.737 [main] DEBUG nextflow.config.ConfigBuilder - Found config local: /home/giuliosp/Desktop/Joy_Lab/BIOF 501/Project/giuliBIOF501Project/Practice/nextflow.config
Nov-11 13:08:23.742 [main] DEBUG nextflow.config.ConfigBuilder - Parsing config file: /home/giuliosp/Desktop/Joy_Lab/BIOF 501/Project/giuliBIOF501Project/Practice/nextflow.config
Nov-11 13:08:23.795 [main] DEBUG nextflow.config.ConfigBuilder - Applying config profile: `standard`
Nov-11 13:08:24.269 [main] DEBUG nextflow.plugin.PluginsFacade - Setting up plugin manager > mode=prod; embedded=false; plugins-dir=/home/giuliosp/.nextflow/plugins; core-plugins: nf-amazon@3.4.1,nf-azure@1.20.2,nf-cloudcache@0.5.0,nf-codecommit@0.5.0,nf-console@1.3.0,nf-google@1.23.3,nf-k8s@1.2.2,nf-tower@1.17.1,nf-wave@1.16.1
Nov-11 13:08:24.280 [main] INFO  o.pf4j.DefaultPluginStatusProvider - Enabled plugins: []
Nov-11 13:08:24.281 [main] INFO  o.pf4j.DefaultPluginStatusProvider - Disabled plugins: []
Nov-11 13:08:24.284 [main] INFO  org.pf4j.DefaultPluginManager - PF4J version 3.12.0 in 'deployment' mode
Nov-11 13:08:24.299 [main] DEBUG nextflow.util.RetryConfig - Missing nextflow session - using default retry config
Nov-11 13:08:24.450 [main] INFO  org.pf4j.AbstractPluginManager - No plugins
Nov-11 13:08:24.451 [main] DEBUG nextflow.plugin.PluginsFacade - Plugins default=[]
Nov-11 13:08:24.451 [main] DEBUG nextflow.plugin.PluginsFacade - Plugins resolved requirement=[]
Nov-11 13:08:24.467 [main] DEBUG n.secret.LocalSecretsProvider - Secrets store: /home/giuliosp/.nextflow/secrets/store.json
Nov-11 13:08:24.470 [main] DEBUG nextflow.secret.SecretsLoader - Discovered secrets providers: [nextflow.secret.LocalSecretsProvider@2be95d31] - activable => nextflow.secret.LocalSecretsProvider@2be95d31
Nov-11 13:08:24.483 [main] DEBUG nextflow.cli.CmdRun - Applied DSL=2 by global default
Nov-11 13:08:24.496 [main] DEBUG nextflow.cli.CmdRun - Launching `script1.nf` [condescending_planck] DSL2 - revision: 262fa1a26e
Nov-11 13:08:24.567 [main] DEBUG nextflow.Session - Session UUID: 69887d12-ea1f-469d-a0f2-ab9aea54c5fb
Nov-11 13:08:24.568 [main] DEBUG nextflow.Session - Run name: condescending_planck
Nov-11 13:08:24.568 [main] DEBUG nextflow.Session - Executor pool size: 8
Nov-11 13:08:24.581 [main] DEBUG nextflow.file.FilePorter - File porter settings maxRetries=3; maxTransfers=50; pollTimeout=null
Nov-11 13:08:24.590 [main] DEBUG nextflow.util.ThreadPoolBuilder - Creating thread pool 'FileTransfer' minSize=10; maxSize=24; workQueue=LinkedBlockingQueue[-1]; allowCoreThreadTimeout=false
Nov-11 13:08:24.633 [main] DEBUG nextflow.cli.CmdRun - 
  Version: 25.10.0 build 10289
  Created: 22-10-2025 16:26 UTC (09:26 PDT)
  System: Linux 6.8.0-87-generic
  Runtime: Groovy 4.0.28 on OpenJDK 64-Bit Server VM 21.0.6+9-b895.97
  Encoding: UTF-8 (UTF-8)
  Process: 61868@giulipc [192.168.1.177]
  CPUs: 8 - Mem: 7.2 GB (280.6 MB) - Swap: 2 GB (137.4 MB)
Nov-11 13:08:24.661 [main] DEBUG nextflow.file.FileHelper - Unable to determine FS type (1): /home/giuliosp/Desktop/Joy_Lab/BIOF 501/Project/giuliBIOF501Project/Practice/work

Nov-11 13:08:24.662 [main] DEBUG nextflow.Session - Work-dir: /home/giuliosp/Desktop/Joy_Lab/BIOF 501/Project/giuliBIOF501Project/Practice/work [null]
Nov-11 13:08:24.662 [main] DEBUG nextflow.Session - Script base path does not exist or is not a directory: /home/giuliosp/Desktop/Joy_Lab/BIOF 501/Project/giuliBIOF501Project/Practice/bin
Nov-11 13:08:24.673 [main] DEBUG nextflow.executor.ExecutorFactory - Extension executors providers=[]
Nov-11 13:08:24.688 [main] DEBUG nextflow.Session - Observer factory (v2): LinObserverFactory
Nov-11 13:08:24.693 [main] DEBUG nextflow.Session - Observer factory (v2): DefaultObserverFactory
Nov-11 13:08:24.778 [main] DEBUG nextflow.cache.CacheFactory - Using Nextflow cache factory: nextflow.cache.DefaultCacheFactory
Nov-11 13:08:24.788 [main] DEBUG nextflow.util.CustomThreadPool - Creating default thread pool > poolSize: 9; maxThreads: 1000
Nov-11 13:08:24.847 [main] DEBUG nextflow.Session - Session start
Nov-11 13:08:24.942 [main] DEBUG nextflow.script.ScriptRunner - > Launching execution
Nov-11 13:08:24.953 [main] INFO  nextflow.Nextflow - 
reads: /home/giuliosp/Desktop/Joy_Lab/BIOF 501/Project/giuliBIOF501Project/Practice/data/ggal/gut_{1,2}.fq
transcriptone file: /home/giuliosp/Desktop/Joy_Lab/BIOF 501/Project/giuliBIOF501Project/Practice/data/ggal/transcriptome.fa
multiqc: /home/giuliosp/Desktop/Joy_Lab/BIOF 501/Project/giuliBIOF501Project/Practice/multiqc
outdir: results 

Nov-11 13:08:24.955 [main] DEBUG nextflow.Session - Workflow process names [dsl2]: 
Nov-11 13:08:24.958 [main] DEBUG nextflow.Session - Igniting dataflow network (0)
Nov-11 13:08:24.958 [main] DEBUG nextflow.script.ScriptRunner - Parsed script files:
  Script_428d68df37fa6dcf: /home/giuliosp/Desktop/Joy_Lab/BIOF 501/Project/giuliBIOF501Project/Practice/script1.nf
Nov-11 13:08:24.958 [main] DEBUG nextflow.script.ScriptRunner - > Awaiting termination 
Nov-11 13:08:24.958 [main] DEBUG nextflow.Session - Session await
Nov-11 13:08:24.958 [main] DEBUG nextflow.Session - Session await > all processes finished
Nov-11 13:08:24.958 [main] DEBUG nextflow.Session - Session await > all barriers passed
Nov-11 13:08:24.974 [main] DEBUG n.trace.WorkflowStatsObserver - Workflow completed > WorkflowStats[succeededCount=0; failedCount=0; ignoredCount=0; cachedCount=0; pendingCount=0; submittedCount=0; runningCount=0; retriesCount=0; abortedCount=0; succeedDuration=0ms; failedDuration=0ms; cachedDuration=0ms;loadCpus=0; loadMemory=0; peakRunning=0; peakCpus=0; peakMemory=0; ]
Nov-11 13:08:25.069 [main] DEBUG nextflow.cache.CacheDB - Closing CacheDB done
Nov-11 13:08:25.089 [main] DEBUG nextflow.util.ThreadPoolManager - Thread pool 'FileTransfer' shutdown completed (hard=false)
Nov-11 13:08:25.090 [main] DEBUG nextflow.script.ScriptRunner - > Execution complete -- Goodbye
