Nov.-24 16:14:22.481 [main] DEBUG nextflow.cli.Launcher - $> nextflow Nextflow.amrlearn/main.nf --fasta_dir outputs/example_outputs/mapper_results/fasta -with-docker -c Nextflow.amrlearn/nextflow.config
Nov.-24 16:14:22.522 [main] DEBUG nextflow.cli.CmdRun - N E X T F L O W  ~  version 25.10.0
Nov.-24 16:14:22.540 [main] DEBUG nextflow.config.ConfigBuilder - Found config base: /Users/giulisucar/Desktop/BIOF501/giuliBIOF501Project/Nextflow.amrlearn/nextflow.config
Nov.-24 16:14:22.542 [main] DEBUG nextflow.config.ConfigBuilder - User config file: /Users/giulisucar/Desktop/BIOF501/giuliBIOF501Project/Nextflow.amrlearn/nextflow.config
Nov.-24 16:14:22.543 [main] DEBUG nextflow.config.ConfigBuilder - Parsing config file: /Users/giulisucar/Desktop/BIOF501/giuliBIOF501Project/Nextflow.amrlearn/nextflow.config
Nov.-24 16:14:22.543 [main] DEBUG nextflow.config.ConfigBuilder - Parsing config file: /Users/giulisucar/Desktop/BIOF501/giuliBIOF501Project/Nextflow.amrlearn/nextflow.config
Nov.-24 16:14:22.554 [main] DEBUG nextflow.config.ConfigBuilder - Applying config profile: `standard`
Nov.-24 16:14:22.753 [main] DEBUG nextflow.config.ConfigBuilder - Applying config profile: `standard`
Nov.-24 16:14:22.770 [main] DEBUG nextflow.config.ConfigBuilder - Enabling execution in Docker container as requested by command-line option `-with-docker -`
Nov.-24 16:14:22.780 [main] DEBUG nextflow.plugin.PluginsFacade - Setting up plugin manager > mode=prod; embedded=false; plugins-dir=/Users/giulisucar/.nextflow/plugins; core-plugins: nf-amazon@3.4.1,nf-azure@1.20.2,nf-cloudcache@0.5.0,nf-codecommit@0.5.0,nf-console@1.3.0,nf-google@1.23.3,nf-k8s@1.2.2,nf-tower@1.17.1,nf-wave@1.16.1
Nov.-24 16:14:22.785 [main] INFO  o.pf4j.DefaultPluginStatusProvider - Enabled plugins: []
Nov.-24 16:14:22.785 [main] INFO  o.pf4j.DefaultPluginStatusProvider - Disabled plugins: []
Nov.-24 16:14:22.786 [main] INFO  org.pf4j.DefaultPluginManager - PF4J version 3.12.0 in 'deployment' mode
Nov.-24 16:14:22.794 [main] DEBUG nextflow.util.RetryConfig - Missing nextflow session - using default retry config
Nov.-24 16:14:22.886 [main] INFO  org.pf4j.AbstractPluginManager - No plugins
Nov.-24 16:14:22.887 [main] DEBUG nextflow.plugin.PluginsFacade - Plugins default=[]
Nov.-24 16:14:22.887 [main] DEBUG nextflow.plugin.PluginsFacade - Plugins resolved requirement=[]
Nov.-24 16:14:22.897 [main] DEBUG n.secret.LocalSecretsProvider - Secrets store: /Users/giulisucar/.nextflow/secrets/store.json
Nov.-24 16:14:22.898 [main] DEBUG nextflow.secret.SecretsLoader - Discovered secrets providers: [nextflow.secret.LocalSecretsProvider@869d87c] - activable => nextflow.secret.LocalSecretsProvider@869d87c
Nov.-24 16:14:22.899 [main] DEBUG nextflow.cli.CmdRun - Applied DSL=2 from script declaration
Nov.-24 16:14:22.907 [main] DEBUG nextflow.cli.CmdRun - Launching `Nextflow.amrlearn/main.nf` [nauseous_brenner] DSL2 - revision: ac7f398f6e
Nov.-24 16:14:22.934 [main] DEBUG nextflow.Session - Session UUID: 42496012-4a45-494c-b24e-60bddd6806de
Nov.-24 16:14:22.934 [main] DEBUG nextflow.Session - Run name: nauseous_brenner
Nov.-24 16:14:22.934 [main] DEBUG nextflow.Session - Executor pool size: 10
Nov.-24 16:14:22.939 [main] DEBUG nextflow.file.FilePorter - File porter settings maxRetries=3; maxTransfers=50; pollTimeout=null
Nov.-24 16:14:22.941 [main] DEBUG nextflow.util.ThreadPoolBuilder - Creating thread pool 'FileTransfer' minSize=10; maxSize=30; workQueue=LinkedBlockingQueue[-1]; allowCoreThreadTimeout=false
Nov.-24 16:14:27.967 [main] DEBUG nextflow.cli.CmdRun - 
  Version: 25.10.0 build 10289
  Created: 22-10-2025 16:26 UTC (09:26 PDT)
  System: Mac OS X 13.0.1
  Runtime: Groovy 4.0.28 on Java HotSpot(TM) 64-Bit Server VM 17.0.1+12-LTS-39
  Encoding: UTF-8 (UTF-8)
  Process: 4769@Brad-MacBook-Pro.local [192.168.69.218]
  CPUs: 10 - Mem: 32 GB (82.4 MB) - Swap: 0 (0)
Nov.-24 16:14:27.983 [main] DEBUG nextflow.Session - Work-dir: /Users/giulisucar/Desktop/BIOF501/giuliBIOF501Project/work [Mac OS X]
Nov.-24 16:14:28.007 [main] DEBUG nextflow.executor.ExecutorFactory - Extension executors providers=[]
Nov.-24 16:14:28.012 [main] DEBUG nextflow.Session - Observer factory (v2): LinObserverFactory
Nov.-24 16:14:28.014 [main] DEBUG nextflow.Session - Observer factory (v2): DefaultObserverFactory
Nov.-24 16:14:28.033 [main] DEBUG nextflow.cache.CacheFactory - Using Nextflow cache factory: nextflow.cache.DefaultCacheFactory
Nov.-24 16:14:28.038 [main] DEBUG nextflow.util.CustomThreadPool - Creating default thread pool > poolSize: 11; maxThreads: 1000
Nov.-24 16:14:28.069 [main] DEBUG nextflow.Session - Session start
Nov.-24 16:14:28.228 [main] DEBUG nextflow.script.ScriptRunner - > Launching execution
Nov.-24 16:14:28.233 [main] INFO  nextflow.Nextflow - SRA 2 FASTA ALIGNMENT PIPELINE
===================================
reference                   : inputs/GCF_000020105.1_ref/GCF_000020105.1.gbff
fasta path                  : outputs/example_outputs/mapper_results/fasta
project name                : PRJNA776899
antibiotic susceptibility   : inputs/PRJNA776899.antibiotics.txt
threshold for coefficients  : 0.08
output directory            : outputs/amrlearn_results

Nov.-24 16:14:28.285 [main] DEBUG nextflow.executor.ExecutorFactory - << taskConfig executor: local
Nov.-24 16:14:28.285 [main] DEBUG nextflow.executor.ExecutorFactory - >> processorType: 'local'
Nov.-24 16:14:28.290 [main] DEBUG nextflow.executor.Executor - [warm up] executor > local
Nov.-24 16:14:28.293 [main] DEBUG n.processor.LocalPollingMonitor - Creating local task monitor for executor 'local' > cpus=10; memory=32 GB; capacity=10; pollInterval=100ms; dumpInterval=5m
Nov.-24 16:14:28.294 [main] DEBUG n.processor.TaskPollingMonitor - >>> barrier register (monitor: local)
Nov.-24 16:14:28.310 [main] DEBUG nextflow.processor.TaskProcessor - Creating process 'gbff2tab': maxForks=0; fair=false; array=0
Nov.-24 16:14:28.339 [main] DEBUG nextflow.executor.ExecutorFactory - << taskConfig executor: local
Nov.-24 16:14:28.339 [main] DEBUG nextflow.executor.ExecutorFactory - >> processorType: 'local'
Nov.-24 16:14:28.340 [main] DEBUG nextflow.processor.TaskProcessor - Creating process 'parsnp_vcf': maxForks=0; fair=false; array=0
Nov.-24 16:14:28.343 [main] DEBUG nextflow.executor.ExecutorFactory - << taskConfig executor: local
Nov.-24 16:14:28.343 [main] DEBUG nextflow.executor.ExecutorFactory - >> processorType: 'local'
Nov.-24 16:14:28.344 [main] DEBUG nextflow.processor.TaskProcessor - Creating process 'vcf2snp': maxForks=0; fair=false; array=0
Nov.-24 16:14:28.346 [main] DEBUG nextflow.executor.ExecutorFactory - << taskConfig executor: local
Nov.-24 16:14:28.346 [main] DEBUG nextflow.executor.ExecutorFactory - >> processorType: 'local'
Nov.-24 16:14:28.346 [main] DEBUG nextflow.processor.TaskProcessor - Creating process 'feature2target': maxForks=0; fair=false; array=0
Nov.-24 16:14:28.348 [main] DEBUG nextflow.executor.ExecutorFactory - << taskConfig executor: local
Nov.-24 16:14:28.348 [main] DEBUG nextflow.executor.ExecutorFactory - >> processorType: 'local'
Nov.-24 16:14:28.349 [main] DEBUG nextflow.processor.TaskProcessor - Creating process 'ml_learn': maxForks=0; fair=false; array=0
Nov.-24 16:14:28.351 [main] DEBUG nextflow.Session - Workflow process names [dsl2]: parsnp_vcf, gbff2tab, vcf2snp, feature2target, ml_learn
Nov.-24 16:14:28.352 [main] DEBUG nextflow.Session - Igniting dataflow network (8)
Nov.-24 16:14:28.352 [main] DEBUG nextflow.processor.TaskProcessor - Starting process > gbff2tab
Nov.-24 16:14:28.352 [main] DEBUG nextflow.processor.TaskProcessor - Starting process > parsnp_vcf
Nov.-24 16:14:28.353 [main] DEBUG nextflow.processor.TaskProcessor - Starting process > vcf2snp
Nov.-24 16:14:28.353 [main] DEBUG nextflow.processor.TaskProcessor - Starting process > feature2target
Nov.-24 16:14:28.353 [main] DEBUG nextflow.processor.TaskProcessor - Starting process > ml_learn
Nov.-24 16:14:28.353 [main] DEBUG nextflow.script.ScriptRunner - Parsed script files:
  Script_aabec2abcc6a2573: /Users/giulisucar/Desktop/BIOF501/giuliBIOF501Project/Nextflow.amrlearn/main.nf
Nov.-24 16:14:28.353 [main] DEBUG nextflow.script.ScriptRunner - > Awaiting termination 
Nov.-24 16:14:28.353 [main] DEBUG nextflow.Session - Session await
Nov.-24 16:14:28.430 [Task submitter] DEBUG n.executor.local.LocalTaskHandler - Launch cmd line: /bin/bash -ue .command.run
Nov.-24 16:14:28.431 [Task submitter] INFO  nextflow.Session - [db/2d9ccf] Submitted process > gbff2tab (PRJNA776899)
Nov.-24 16:14:39.661 [Task monitor] DEBUG n.processor.TaskPollingMonitor - Task completed > TaskHandler[id: 1; name: gbff2tab (PRJNA776899); status: COMPLETED; exit: 0; error: -; workDir: /Users/giulisucar/Desktop/BIOF501/giuliBIOF501Project/work/db/2d9ccfeb7e493109de4f138d7e6e0a]
Nov.-24 16:14:39.661 [Task monitor] DEBUG nextflow.util.ThreadPoolBuilder - Creating thread pool 'TaskFinalizer' minSize=10; maxSize=30; workQueue=LinkedBlockingQueue[-1]; allowCoreThreadTimeout=false
Nov.-24 16:14:39.668 [Task submitter] DEBUG n.executor.local.LocalTaskHandler - Launch cmd line: /bin/bash -ue .command.run
Nov.-24 16:14:39.668 [Task submitter] INFO  nextflow.Session - [9c/c73467] Submitted process > parsnp_vcf (PRJNA776899)
Nov.-24 16:14:39.680 [TaskFinalizer-1] DEBUG nextflow.util.ThreadPoolBuilder - Creating thread pool 'PublishDir' minSize=10; maxSize=30; workQueue=LinkedBlockingQueue[-1]; allowCoreThreadTimeout=false
Nov.-24 16:19:28.494 [Task monitor] DEBUG n.processor.TaskPollingMonitor - !! executor local > tasks to be completed: 1 -- submitted tasks are shown below
~> TaskHandler[id: 2; name: parsnp_vcf (PRJNA776899); status: RUNNING; exit: -; error: -; workDir: /Users/giulisucar/Desktop/BIOF501/giuliBIOF501Project/work/9c/c7346740821f96fa7c9a29eb09255b]
Nov.-24 16:24:28.599 [Task monitor] DEBUG n.processor.TaskPollingMonitor - !! executor local > tasks to be completed: 1 -- submitted tasks are shown below
~> TaskHandler[id: 2; name: parsnp_vcf (PRJNA776899); status: RUNNING; exit: -; error: -; workDir: /Users/giulisucar/Desktop/BIOF501/giuliBIOF501Project/work/9c/c7346740821f96fa7c9a29eb09255b]
Nov.-24 16:29:28.694 [Task monitor] DEBUG n.processor.TaskPollingMonitor - !! executor local > tasks to be completed: 1 -- submitted tasks are shown below
~> TaskHandler[id: 2; name: parsnp_vcf (PRJNA776899); status: RUNNING; exit: -; error: -; workDir: /Users/giulisucar/Desktop/BIOF501/giuliBIOF501Project/work/9c/c7346740821f96fa7c9a29eb09255b]
Nov.-24 16:34:28.735 [Task monitor] DEBUG n.processor.TaskPollingMonitor - !! executor local > tasks to be completed: 1 -- submitted tasks are shown below
~> TaskHandler[id: 2; name: parsnp_vcf (PRJNA776899); status: RUNNING; exit: -; error: -; workDir: /Users/giulisucar/Desktop/BIOF501/giuliBIOF501Project/work/9c/c7346740821f96fa7c9a29eb09255b]
Nov.-24 16:39:28.778 [Task monitor] DEBUG n.processor.TaskPollingMonitor - !! executor local > tasks to be completed: 1 -- submitted tasks are shown below
~> TaskHandler[id: 2; name: parsnp_vcf (PRJNA776899); status: RUNNING; exit: -; error: -; workDir: /Users/giulisucar/Desktop/BIOF501/giuliBIOF501Project/work/9c/c7346740821f96fa7c9a29eb09255b]
Nov.-24 16:44:28.873 [Task monitor] DEBUG n.processor.TaskPollingMonitor - !! executor local > tasks to be completed: 1 -- submitted tasks are shown below
~> TaskHandler[id: 2; name: parsnp_vcf (PRJNA776899); status: RUNNING; exit: -; error: -; workDir: /Users/giulisucar/Desktop/BIOF501/giuliBIOF501Project/work/9c/c7346740821f96fa7c9a29eb09255b]
