Nov-19 17:55:00.976 [main] DEBUG nextflow.cli.Launcher - $> nextflow run mainV2.nf --sra_path ../data/sra_list.2.txt -with-docker
Nov-19 17:55:01.266 [main] DEBUG nextflow.cli.CmdRun - N E X T F L O W  ~  version 25.10.0
Nov-19 17:55:01.324 [main] DEBUG nextflow.config.ConfigBuilder - Found config local: /home/giuliosp/Desktop/Joy_Lab/BIOF 501/Project/giuliBIOF501Project/Nextflow.mapper/nextflow.config
Nov-19 17:55:01.328 [main] DEBUG nextflow.config.ConfigBuilder - Parsing config file: /home/giuliosp/Desktop/Joy_Lab/BIOF 501/Project/giuliBIOF501Project/Nextflow.mapper/nextflow.config
Nov-19 17:55:01.362 [main] DEBUG nextflow.config.ConfigBuilder - Applying config profile: `standard`
Nov-19 17:55:01.844 [main] DEBUG nextflow.config.ConfigBuilder - Enabling execution in Docker container as requested by command-line option `-with-docker -`
Nov-19 17:55:01.870 [main] DEBUG nextflow.plugin.PluginsFacade - Setting up plugin manager > mode=prod; embedded=false; plugins-dir=/home/giuliosp/.nextflow/plugins; core-plugins: nf-amazon@3.4.1,nf-azure@1.20.2,nf-cloudcache@0.5.0,nf-codecommit@0.5.0,nf-console@1.3.0,nf-google@1.23.3,nf-k8s@1.2.2,nf-tower@1.17.1,nf-wave@1.16.1
Nov-19 17:55:01.883 [main] INFO  o.pf4j.DefaultPluginStatusProvider - Enabled plugins: []
Nov-19 17:55:01.884 [main] INFO  o.pf4j.DefaultPluginStatusProvider - Disabled plugins: []
Nov-19 17:55:01.888 [main] INFO  org.pf4j.DefaultPluginManager - PF4J version 3.12.0 in 'deployment' mode
Nov-19 17:55:01.905 [main] DEBUG nextflow.util.RetryConfig - Missing nextflow session - using default retry config
Nov-19 17:55:02.046 [main] INFO  org.pf4j.AbstractPluginManager - No plugins
Nov-19 17:55:02.047 [main] DEBUG nextflow.plugin.PluginsFacade - Plugins default=[]
Nov-19 17:55:02.048 [main] DEBUG nextflow.plugin.PluginsFacade - Plugins resolved requirement=[]
Nov-19 17:55:02.065 [main] DEBUG n.secret.LocalSecretsProvider - Secrets store: /home/giuliosp/.nextflow/secrets/store.json
Nov-19 17:55:02.069 [main] DEBUG nextflow.secret.SecretsLoader - Discovered secrets providers: [nextflow.secret.LocalSecretsProvider@3c8a7e38] - activable => nextflow.secret.LocalSecretsProvider@3c8a7e38
Nov-19 17:55:02.071 [main] DEBUG nextflow.cli.CmdRun - Applied DSL=2 from script declaration
Nov-19 17:55:02.087 [main] DEBUG nextflow.cli.CmdRun - Launching `mainV2.nf` [tiny_mandelbrot] DSL2 - revision: e0f954a29a
Nov-19 17:55:02.158 [main] DEBUG nextflow.Session - Session UUID: bb63e0e8-e552-4e59-957e-9aaf25d8c4e3
Nov-19 17:55:02.158 [main] DEBUG nextflow.Session - Run name: tiny_mandelbrot
Nov-19 17:55:02.159 [main] DEBUG nextflow.Session - Executor pool size: 8
Nov-19 17:55:02.169 [main] DEBUG nextflow.file.FilePorter - File porter settings maxRetries=3; maxTransfers=50; pollTimeout=null
Nov-19 17:55:02.177 [main] DEBUG nextflow.util.ThreadPoolBuilder - Creating thread pool 'FileTransfer' minSize=10; maxSize=24; workQueue=LinkedBlockingQueue[-1]; allowCoreThreadTimeout=false
Nov-19 17:55:02.202 [main] DEBUG nextflow.cli.CmdRun - 
  Version: 25.10.0 build 10289
  Created: 22-10-2025 16:26 UTC (09:26 PDT)
  System: Linux 6.8.0-87-generic
  Runtime: Groovy 4.0.28 on OpenJDK 64-Bit Server VM 23.0.2-internal-adhoc.conda.src
  Encoding: UTF-8 (UTF-8)
  Process: 920929@giulipc [172.20.11.120]
  CPUs: 8 - Mem: 7.2 GB (725.6 MB) - Swap: 2 GB (57.1 MB)
Nov-19 17:55:02.235 [main] DEBUG nextflow.file.FileHelper - Unable to determine FS type (1): /home/giuliosp/Desktop/Joy_Lab/BIOF 501/Project/giuliBIOF501Project/Nextflow.mapper/work

Nov-19 17:55:02.235 [main] DEBUG nextflow.Session - Work-dir: /home/giuliosp/Desktop/Joy_Lab/BIOF 501/Project/giuliBIOF501Project/Nextflow.mapper/work [null]
Nov-19 17:55:02.236 [main] DEBUG nextflow.Session - Script base path does not exist or is not a directory: /home/giuliosp/Desktop/Joy_Lab/BIOF 501/Project/giuliBIOF501Project/Nextflow.mapper/bin
Nov-19 17:55:02.248 [main] DEBUG nextflow.executor.ExecutorFactory - Extension executors providers=[]
Nov-19 17:55:02.260 [main] DEBUG nextflow.Session - Observer factory (v2): LinObserverFactory
Nov-19 17:55:02.265 [main] DEBUG nextflow.Session - Observer factory (v2): DefaultObserverFactory
Nov-19 17:55:02.343 [main] DEBUG nextflow.cache.CacheFactory - Using Nextflow cache factory: nextflow.cache.DefaultCacheFactory
Nov-19 17:55:02.360 [main] DEBUG nextflow.util.CustomThreadPool - Creating default thread pool > poolSize: 9; maxThreads: 1000
Nov-19 17:55:02.445 [main] DEBUG nextflow.Session - Session start
Nov-19 17:55:03.119 [main] DEBUG nextflow.script.ScriptRunner - > Launching execution
Nov-19 17:55:03.130 [main] INFO  nextflow.Nextflow - SRA 2 sraFASTA Mapping Pipeline
===================================
reference   : ../data/GCF_000020105.1_ref/GCF_000020105.1_ASM2010v1_genomic.fna
sra path    : ../data/sra_list.2.txt
outdir      : ../data/mapper_results

Nov-19 17:55:03.374 [main] DEBUG nextflow.executor.ExecutorFactory - << taskConfig executor: local
Nov-19 17:55:03.375 [main] DEBUG nextflow.executor.ExecutorFactory - >> processorType: 'local'
Nov-19 17:55:03.387 [main] DEBUG nextflow.executor.Executor - [warm up] executor > local
Nov-19 17:55:03.396 [main] DEBUG n.processor.LocalPollingMonitor - Creating local task monitor for executor 'local' > cpus=8; memory=7.2 GB; capacity=8; pollInterval=100ms; dumpInterval=5m
Nov-19 17:55:03.399 [main] DEBUG n.processor.TaskPollingMonitor - >>> barrier register (monitor: local)
Nov-19 17:55:03.442 [main] DEBUG nextflow.processor.TaskProcessor - Creating process 'prefetch_sra': maxForks=0; fair=false; array=0
Nov-19 17:55:03.478 [main] DEBUG nextflow.executor.ExecutorFactory - << taskConfig executor: local
Nov-19 17:55:03.478 [main] DEBUG nextflow.executor.ExecutorFactory - >> processorType: 'local'
Nov-19 17:55:03.479 [main] DEBUG nextflow.processor.TaskProcessor - Creating process 'dump_reads': maxForks=0; fair=false; array=0
Nov-19 17:55:03.483 [main] DEBUG nextflow.executor.ExecutorFactory - << taskConfig executor: local
Nov-19 17:55:03.483 [main] DEBUG nextflow.executor.ExecutorFactory - >> processorType: 'local'
Nov-19 17:55:03.484 [main] DEBUG nextflow.processor.TaskProcessor - Creating process 'align': maxForks=0; fair=false; array=0
Nov-19 17:55:03.489 [main] DEBUG nextflow.executor.ExecutorFactory - << taskConfig executor: local
Nov-19 17:55:03.489 [main] DEBUG nextflow.executor.ExecutorFactory - >> processorType: 'local'
Nov-19 17:55:03.490 [main] DEBUG nextflow.processor.TaskProcessor - Creating process 'sort_bam': maxForks=0; fair=false; array=0
Nov-19 17:55:03.493 [main] DEBUG nextflow.executor.ExecutorFactory - << taskConfig executor: local
Nov-19 17:55:03.493 [main] DEBUG nextflow.executor.ExecutorFactory - >> processorType: 'local'
Nov-19 17:55:03.494 [main] DEBUG nextflow.processor.TaskProcessor - Creating process 'index_bam': maxForks=0; fair=false; array=0
Nov-19 17:55:03.497 [main] DEBUG nextflow.executor.ExecutorFactory - << taskConfig executor: local
Nov-19 17:55:03.497 [main] DEBUG nextflow.executor.ExecutorFactory - >> processorType: 'local'
Nov-19 17:55:03.498 [main] DEBUG nextflow.processor.TaskProcessor - Creating process 'generate_consensus': maxForks=0; fair=false; array=0
Nov-19 17:55:03.507 [main] DEBUG nextflow.executor.ExecutorFactory - << taskConfig executor: local
Nov-19 17:55:03.507 [main] DEBUG nextflow.executor.ExecutorFactory - >> processorType: 'local'
Nov-19 17:55:03.508 [main] DEBUG nextflow.processor.TaskProcessor - Creating process 'fastqc': maxForks=0; fair=false; array=0
Nov-19 17:55:03.517 [main] DEBUG nextflow.executor.ExecutorFactory - << taskConfig executor: local
Nov-19 17:55:03.517 [main] DEBUG nextflow.executor.ExecutorFactory - >> processorType: 'local'
Nov-19 17:55:03.518 [main] DEBUG nextflow.processor.TaskProcessor - Creating process 'multiqc': maxForks=0; fair=false; array=0
Nov-19 17:55:03.521 [main] DEBUG nextflow.Session - Workflow process names [dsl2]: dump_reads, index_bam, generate_consensus, fastqc, prefetch_sra, align, multiqc, sort_bam
Nov-19 17:55:03.523 [main] DEBUG nextflow.Session - Igniting dataflow network (11)
Nov-19 17:55:03.530 [main] DEBUG nextflow.processor.TaskProcessor - Starting process > prefetch_sra
Nov-19 17:55:03.530 [main] DEBUG nextflow.processor.TaskProcessor - Starting process > dump_reads
Nov-19 17:55:03.531 [main] DEBUG nextflow.processor.TaskProcessor - Starting process > align
Nov-19 17:55:03.531 [main] DEBUG nextflow.processor.TaskProcessor - Starting process > sort_bam
Nov-19 17:55:03.531 [main] DEBUG nextflow.processor.TaskProcessor - Starting process > index_bam
Nov-19 17:55:03.531 [main] DEBUG nextflow.processor.TaskProcessor - Starting process > generate_consensus
Nov-19 17:55:03.532 [main] DEBUG nextflow.processor.TaskProcessor - Starting process > fastqc
Nov-19 17:55:03.532 [main] DEBUG nextflow.processor.TaskProcessor - Starting process > multiqc
Nov-19 17:55:03.532 [main] DEBUG nextflow.script.ScriptRunner - Parsed script files:
  Script_380ff701a3372279: /home/giuliosp/Desktop/Joy_Lab/BIOF 501/Project/giuliBIOF501Project/Nextflow.mapper/mainV2.nf
Nov-19 17:55:03.532 [main] DEBUG nextflow.script.ScriptRunner - > Awaiting termination 
Nov-19 17:55:03.532 [main] DEBUG nextflow.Session - Session await
Nov-19 17:55:03.785 [Task submitter] DEBUG n.executor.local.LocalTaskHandler - Launch cmd line: /bin/bash -ue .command.run
Nov-19 17:55:03.787 [Task submitter] INFO  nextflow.Session - [70/b78f0a] Submitted process > prefetch_sra (SRR16683580)
Nov-19 17:55:03.803 [Task submitter] DEBUG n.executor.local.LocalTaskHandler - Launch cmd line: /bin/bash -ue .command.run
Nov-19 17:55:03.804 [Task submitter] INFO  nextflow.Session - [ad/40bbcd] Submitted process > prefetch_sra (SRR16683614)
Nov-19 17:55:03.813 [Task submitter] DEBUG n.executor.local.LocalTaskHandler - Launch cmd line: /bin/bash -ue .command.run
Nov-19 17:55:03.814 [Task submitter] INFO  nextflow.Session - [ce/9a3140] Submitted process > prefetch_sra (SRR16683579)
Nov-19 17:58:27.001 [Task monitor] DEBUG n.processor.TaskPollingMonitor - Task completed > TaskHandler[id: 3; name: prefetch_sra (SRR16683579); status: COMPLETED; exit: 0; error: -; workDir: /home/giuliosp/Desktop/Joy_Lab/BIOF 501/Project/giuliBIOF501Project/Nextflow.mapper/work/ce/9a3140ec63ce2d80423214bab7168b]
Nov-19 17:58:27.004 [Task monitor] DEBUG nextflow.util.ThreadPoolBuilder - Creating thread pool 'TaskFinalizer' minSize=10; maxSize=24; workQueue=LinkedBlockingQueue[-1]; allowCoreThreadTimeout=false
Nov-19 17:58:27.095 [Task submitter] DEBUG n.executor.local.LocalTaskHandler - Launch cmd line: /bin/bash -ue .command.run
Nov-19 17:58:27.096 [Task submitter] INFO  nextflow.Session - [9c/34b6d7] Submitted process > dump_reads (SRR16683579)
Nov-19 17:59:04.050 [Task monitor] DEBUG n.processor.TaskPollingMonitor - Task completed > TaskHandler[id: 4; name: dump_reads (SRR16683579); status: COMPLETED; exit: 0; error: -; workDir: /home/giuliosp/Desktop/Joy_Lab/BIOF 501/Project/giuliBIOF501Project/Nextflow.mapper/work/9c/34b6d7d51b28bdcc463d22c9baec2b]
Nov-19 17:59:04.077 [Task submitter] DEBUG n.executor.local.LocalTaskHandler - Launch cmd line: /bin/bash -ue .command.run
Nov-19 17:59:04.078 [Task submitter] INFO  nextflow.Session - [84/f08f14] Submitted process > fastqc (SRR16683579)
Nov-19 17:59:04.085 [Task submitter] DEBUG n.executor.local.LocalTaskHandler - Launch cmd line: /bin/bash -ue .command.run
Nov-19 17:59:04.086 [Task submitter] INFO  nextflow.Session - [85/643038] Submitted process > align (SRR16683579)
Nov-19 17:59:11.538 [Task monitor] DEBUG n.processor.TaskPollingMonitor - Task completed > TaskHandler[id: 1; name: prefetch_sra (SRR16683614); status: COMPLETED; exit: 0; error: -; workDir: /home/giuliosp/Desktop/Joy_Lab/BIOF 501/Project/giuliBIOF501Project/Nextflow.mapper/work/ad/40bbcd7185bd8bbd94d76a73dc798f]
Nov-19 17:59:11.558 [Task submitter] DEBUG n.executor.local.LocalTaskHandler - Launch cmd line: /bin/bash -ue .command.run
Nov-19 17:59:11.558 [Task submitter] INFO  nextflow.Session - [05/0e2003] Submitted process > dump_reads (SRR16683614)
Nov-19 17:59:57.519 [Task monitor] DEBUG n.processor.TaskPollingMonitor - Task completed > TaskHandler[id: 2; name: prefetch_sra (SRR16683580); status: COMPLETED; exit: 0; error: -; workDir: /home/giuliosp/Desktop/Joy_Lab/BIOF 501/Project/giuliBIOF501Project/Nextflow.mapper/work/70/b78f0ab00df0a10f15769f468dec37]
Nov-19 17:59:57.727 [Task submitter] DEBUG n.executor.local.LocalTaskHandler - Launch cmd line: /bin/bash -ue .command.run
Nov-19 17:59:57.728 [Task submitter] INFO  nextflow.Session - [03/3d6369] Submitted process > dump_reads (SRR16683580)
Nov-19 18:00:03.605 [Task monitor] DEBUG n.processor.TaskPollingMonitor - !! executor local > tasks to be completed: 4 -- submitted tasks are shown below
~> TaskHandler[id: 6; name: fastqc (SRR16683579); status: RUNNING; exit: -; error: -; workDir: /home/giuliosp/Desktop/Joy_Lab/BIOF 501/Project/giuliBIOF501Project/Nextflow.mapper/work/84/f08f14da83d63ccbb18732e1569f1e]
~> TaskHandler[id: 5; name: align (SRR16683579); status: RUNNING; exit: -; error: -; workDir: /home/giuliosp/Desktop/Joy_Lab/BIOF 501/Project/giuliBIOF501Project/Nextflow.mapper/work/85/6430389a81728cdeb61c82d8eef862]
~> TaskHandler[id: 7; name: dump_reads (SRR16683614); status: RUNNING; exit: -; error: -; workDir: /home/giuliosp/Desktop/Joy_Lab/BIOF 501/Project/giuliBIOF501Project/Nextflow.mapper/work/05/0e2003a2f3abab0e409098dc25107d]
~> TaskHandler[id: 8; name: dump_reads (SRR16683580); status: RUNNING; exit: -; error: -; workDir: /home/giuliosp/Desktop/Joy_Lab/BIOF 501/Project/giuliBIOF501Project/Nextflow.mapper/work/03/3d6369cf2319ddf8e21c6a53bb4de1]
Nov-19 18:00:04.605 [Task monitor] DEBUG n.processor.TaskPollingMonitor - Task completed > TaskHandler[id: 6; name: fastqc (SRR16683579); status: COMPLETED; exit: 0; error: -; workDir: /home/giuliosp/Desktop/Joy_Lab/BIOF 501/Project/giuliBIOF501Project/Nextflow.mapper/work/84/f08f14da83d63ccbb18732e1569f1e]
Nov-19 18:00:04.611 [Task monitor] DEBUG n.processor.TaskPollingMonitor - Task completed > TaskHandler[id: 7; name: dump_reads (SRR16683614); status: COMPLETED; exit: 0; error: -; workDir: /home/giuliosp/Desktop/Joy_Lab/BIOF 501/Project/giuliBIOF501Project/Nextflow.mapper/work/05/0e2003a2f3abab0e409098dc25107d]
Nov-19 18:00:04.617 [Task monitor] DEBUG n.processor.TaskPollingMonitor - Task completed > TaskHandler[id: 5; name: align (SRR16683579); status: COMPLETED; exit: 0; error: -; workDir: /home/giuliosp/Desktop/Joy_Lab/BIOF 501/Project/giuliBIOF501Project/Nextflow.mapper/work/85/6430389a81728cdeb61c82d8eef862]
Nov-19 18:00:04.631 [Task submitter] DEBUG n.executor.local.LocalTaskHandler - Launch cmd line: /bin/bash -ue .command.run
Nov-19 18:00:04.631 [Task submitter] INFO  nextflow.Session - [a4/11b624] Submitted process > align (SRR16683614)
Nov-19 18:00:04.637 [Task submitter] DEBUG n.executor.local.LocalTaskHandler - Launch cmd line: /bin/bash -ue .command.run
Nov-19 18:00:04.638 [Task submitter] INFO  nextflow.Session - [49/a974ee] Submitted process > fastqc (SRR16683614)
Nov-19 18:00:04.638 [TaskFinalizer-5] DEBUG nextflow.util.ThreadPoolBuilder - Creating thread pool 'PublishDir' minSize=10; maxSize=24; workQueue=LinkedBlockingQueue[-1]; allowCoreThreadTimeout=false
Nov-19 18:00:04.662 [Task submitter] DEBUG n.executor.local.LocalTaskHandler - Launch cmd line: /bin/bash -ue .command.run
Nov-19 18:00:04.663 [Task submitter] INFO  nextflow.Session - [c9/9ad0cf] Submitted process > sort_bam (SRR16683579)
Nov-19 18:01:04.542 [Task monitor] DEBUG n.processor.TaskPollingMonitor - Task completed > TaskHandler[id: 8; name: dump_reads (SRR16683580); status: COMPLETED; exit: 0; error: -; workDir: /home/giuliosp/Desktop/Joy_Lab/BIOF 501/Project/giuliBIOF501Project/Nextflow.mapper/work/03/3d6369cf2319ddf8e21c6a53bb4de1]
Nov-19 18:01:04.597 [Task submitter] DEBUG n.executor.local.LocalTaskHandler - Launch cmd line: /bin/bash -ue .command.run
Nov-19 18:01:04.600 [Task submitter] INFO  nextflow.Session - [b9/786b26] Submitted process > fastqc (SRR16683580)
Nov-19 18:01:04.646 [Task submitter] DEBUG n.executor.local.LocalTaskHandler - Launch cmd line: /bin/bash -ue .command.run
Nov-19 18:01:04.647 [Task submitter] INFO  nextflow.Session - [a5/23dcb9] Submitted process > align (SRR16683580)
Nov-19 18:01:24.460 [Task monitor] DEBUG n.processor.TaskPollingMonitor - Task completed > TaskHandler[id: 9; name: fastqc (SRR16683614); status: COMPLETED; exit: 0; error: -; workDir: /home/giuliosp/Desktop/Joy_Lab/BIOF 501/Project/giuliBIOF501Project/Nextflow.mapper/work/49/a974ee744fc3f08f19685ac96c6645]
Nov-19 18:01:36.152 [Task monitor] DEBUG n.processor.TaskPollingMonitor - Task completed > TaskHandler[id: 10; name: align (SRR16683614); status: COMPLETED; exit: 0; error: -; workDir: /home/giuliosp/Desktop/Joy_Lab/BIOF 501/Project/giuliBIOF501Project/Nextflow.mapper/work/a4/11b6240d559fb9df1c3a883b2ec510]
Nov-19 18:01:36.191 [Task submitter] DEBUG n.executor.local.LocalTaskHandler - Launch cmd line: /bin/bash -ue .command.run
Nov-19 18:01:36.192 [Task submitter] INFO  nextflow.Session - [40/c8db24] Submitted process > sort_bam (SRR16683614)
Nov-19 18:01:59.933 [Task monitor] DEBUG n.processor.TaskPollingMonitor - Task completed > TaskHandler[id: 11; name: sort_bam (SRR16683579); status: COMPLETED; exit: 0; error: -; workDir: /home/giuliosp/Desktop/Joy_Lab/BIOF 501/Project/giuliBIOF501Project/Nextflow.mapper/work/c9/9ad0cfdf70dce3b26a10173c24a200]
Nov-19 18:01:59.963 [Task submitter] DEBUG n.executor.local.LocalTaskHandler - Launch cmd line: /bin/bash -ue .command.run
Nov-19 18:01:59.963 [Task submitter] INFO  nextflow.Session - [e9/b34f6d] Submitted process > index_bam (SRR16683579)
Nov-19 18:02:08.450 [Task monitor] DEBUG n.processor.TaskPollingMonitor - Task completed > TaskHandler[id: 15; name: index_bam (SRR16683579); status: COMPLETED; exit: 0; error: -; workDir: /home/giuliosp/Desktop/Joy_Lab/BIOF 501/Project/giuliBIOF501Project/Nextflow.mapper/work/e9/b34f6d832c0c9610de238a56cd7e7d]
Nov-19 18:02:08.482 [Task submitter] DEBUG n.executor.local.LocalTaskHandler - Launch cmd line: /bin/bash -ue .command.run
Nov-19 18:02:08.482 [Task submitter] INFO  nextflow.Session - [16/bba31e] Submitted process > generate_consensus (SRR16683579)
Nov-19 18:02:17.182 [Task monitor] DEBUG n.processor.TaskPollingMonitor - Task completed > TaskHandler[id: 13; name: fastqc (SRR16683580); status: COMPLETED; exit: 0; error: -; workDir: /home/giuliosp/Desktop/Joy_Lab/BIOF 501/Project/giuliBIOF501Project/Nextflow.mapper/work/b9/786b26ece66af2dc7b05f635266594]
Nov-19 18:02:17.224 [Task submitter] DEBUG n.executor.local.LocalTaskHandler - Launch cmd line: /bin/bash -ue .command.run
Nov-19 18:02:17.224 [Task submitter] INFO  nextflow.Session - [05/68aea1] Submitted process > multiqc
Nov-19 18:02:36.511 [Task monitor] DEBUG n.processor.TaskPollingMonitor - Task completed > TaskHandler[id: 17; name: multiqc; status: COMPLETED; exit: 0; error: -; workDir: /home/giuliosp/Desktop/Joy_Lab/BIOF 501/Project/giuliBIOF501Project/Nextflow.mapper/work/05/68aea11d1dacfebd3ecf2eb8ea4f42]
Nov-19 18:03:14.939 [Task monitor] DEBUG n.processor.TaskPollingMonitor - Task completed > TaskHandler[id: 12; name: align (SRR16683580); status: COMPLETED; exit: 0; error: -; workDir: /home/giuliosp/Desktop/Joy_Lab/BIOF 501/Project/giuliBIOF501Project/Nextflow.mapper/work/a5/23dcb902acf3255bfcfc7359ff4fe8]
Nov-19 18:03:14.963 [Task submitter] DEBUG n.executor.local.LocalTaskHandler - Launch cmd line: /bin/bash -ue .command.run
Nov-19 18:03:14.963 [Task submitter] INFO  nextflow.Session - [b3/cb863d] Submitted process > sort_bam (SRR16683580)
Nov-19 18:03:24.128 [Task monitor] DEBUG n.processor.TaskPollingMonitor - Task completed > TaskHandler[id: 14; name: sort_bam (SRR16683614); status: COMPLETED; exit: 0; error: -; workDir: /home/giuliosp/Desktop/Joy_Lab/BIOF 501/Project/giuliBIOF501Project/Nextflow.mapper/work/40/c8db2448b75d567194afb217bfc109]
Nov-19 18:03:24.143 [Task submitter] DEBUG n.executor.local.LocalTaskHandler - Launch cmd line: /bin/bash -ue .command.run
Nov-19 18:03:24.143 [Task submitter] INFO  nextflow.Session - [56/3cb6e2] Submitted process > index_bam (SRR16683614)
Nov-19 18:03:28.772 [Task monitor] DEBUG n.processor.TaskPollingMonitor - Task completed > TaskHandler[id: 19; name: index_bam (SRR16683614); status: COMPLETED; exit: 0; error: -; workDir: /home/giuliosp/Desktop/Joy_Lab/BIOF 501/Project/giuliBIOF501Project/Nextflow.mapper/work/56/3cb6e2de01d976f32b2cbd07bcbba5]
Nov-19 18:03:28.785 [Task submitter] DEBUG n.executor.local.LocalTaskHandler - Launch cmd line: /bin/bash -ue .command.run
Nov-19 18:03:28.785 [Task submitter] INFO  nextflow.Session - [bb/571db4] Submitted process > generate_consensus (SRR16683614)
Nov-19 18:03:54.027 [Task monitor] DEBUG n.processor.TaskPollingMonitor - Task completed > TaskHandler[id: 16; name: generate_consensus (SRR16683579); status: COMPLETED; exit: 0; error: -; workDir: /home/giuliosp/Desktop/Joy_Lab/BIOF 501/Project/giuliBIOF501Project/Nextflow.mapper/work/16/bba31e6fe38c7cc08568506839115c]
Nov-19 18:04:49.080 [Task monitor] DEBUG n.processor.TaskPollingMonitor - Task completed > TaskHandler[id: 18; name: sort_bam (SRR16683580); status: COMPLETED; exit: 0; error: -; workDir: /home/giuliosp/Desktop/Joy_Lab/BIOF 501/Project/giuliBIOF501Project/Nextflow.mapper/work/b3/cb863d6fc13f3e5896db7a9a07ec93]
Nov-19 18:04:49.092 [Task submitter] DEBUG n.executor.local.LocalTaskHandler - Launch cmd line: /bin/bash -ue .command.run
Nov-19 18:04:49.093 [Task submitter] INFO  nextflow.Session - [ca/ab24f0] Submitted process > index_bam (SRR16683580)
Nov-19 18:04:54.637 [Task monitor] DEBUG n.processor.TaskPollingMonitor - Task completed > TaskHandler[id: 21; name: index_bam (SRR16683580); status: COMPLETED; exit: 0; error: -; workDir: /home/giuliosp/Desktop/Joy_Lab/BIOF 501/Project/giuliBIOF501Project/Nextflow.mapper/work/ca/ab24f04c43b156ee7577aede23490b]
Nov-19 18:04:54.651 [Task submitter] DEBUG n.executor.local.LocalTaskHandler - Launch cmd line: /bin/bash -ue .command.run
Nov-19 18:04:54.652 [Task submitter] INFO  nextflow.Session - [82/7f6e58] Submitted process > generate_consensus (SRR16683580)
Nov-19 18:05:03.653 [Task monitor] DEBUG n.processor.TaskPollingMonitor - !! executor local > tasks to be completed: 2 -- submitted tasks are shown below
~> TaskHandler[id: 20; name: generate_consensus (SRR16683614); status: RUNNING; exit: -; error: -; workDir: /home/giuliosp/Desktop/Joy_Lab/BIOF 501/Project/giuliBIOF501Project/Nextflow.mapper/work/bb/571db4bbcb344f168c378713215900]
~> TaskHandler[id: 22; name: generate_consensus (SRR16683580); status: RUNNING; exit: -; error: -; workDir: /home/giuliosp/Desktop/Joy_Lab/BIOF 501/Project/giuliBIOF501Project/Nextflow.mapper/work/82/7f6e584f943ea474f36e1c67cb2b1e]
Nov-19 18:05:05.821 [Task monitor] DEBUG n.processor.TaskPollingMonitor - Task completed > TaskHandler[id: 20; name: generate_consensus (SRR16683614); status: COMPLETED; exit: 0; error: -; workDir: /home/giuliosp/Desktop/Joy_Lab/BIOF 501/Project/giuliBIOF501Project/Nextflow.mapper/work/bb/571db4bbcb344f168c378713215900]
Nov-19 18:06:27.656 [Task monitor] DEBUG n.processor.TaskPollingMonitor - Task completed > TaskHandler[id: 22; name: generate_consensus (SRR16683580); status: COMPLETED; exit: 0; error: -; workDir: /home/giuliosp/Desktop/Joy_Lab/BIOF 501/Project/giuliBIOF501Project/Nextflow.mapper/work/82/7f6e584f943ea474f36e1c67cb2b1e]
Nov-19 18:06:27.658 [main] DEBUG nextflow.Session - Session await > all processes finished
Nov-19 18:06:27.757 [Task monitor] DEBUG n.processor.TaskPollingMonitor - <<< barrier arrives (monitor: local) - terminating tasks monitor poll loop
Nov-19 18:06:27.757 [main] DEBUG nextflow.Session - Session await > all barriers passed
Nov-19 18:06:27.763 [main] DEBUG nextflow.util.ThreadPoolManager - Thread pool 'TaskFinalizer' shutdown completed (hard=false)
Nov-19 18:06:27.764 [main] DEBUG nextflow.util.ThreadPoolManager - Thread pool 'PublishDir' shutdown completed (hard=false)
Nov-19 18:06:27.781 [main] DEBUG n.trace.WorkflowStatsObserver - Workflow completed > WorkflowStats[succeededCount=22; failedCount=0; ignoredCount=0; cachedCount=0; pendingCount=0; submittedCount=0; runningCount=0; retriesCount=0; abortedCount=0; succeedDuration=34m 6s; failedDuration=0ms; cachedDuration=0ms;loadCpus=0; loadMemory=0; peakRunning=5; peakCpus=5; peakMemory=0; ]
Nov-19 18:06:27.974 [main] DEBUG nextflow.cache.CacheDB - Closing CacheDB done
Nov-19 18:06:28.021 [main] DEBUG nextflow.util.ThreadPoolManager - Thread pool 'FileTransfer' shutdown completed (hard=false)
Nov-19 18:06:28.022 [main] DEBUG nextflow.script.ScriptRunner - > Execution complete -- Goodbye
