antibiotics being modeled: PEN TET SPEC CFX CRO CIP AZI ZOL
load data
X:
[[0.00064226 0.00090662 0.00048591 ... 0.         0.00392157 0.        ]
 [0.         0.00090662 0.         ... 0.         0.         0.        ]
 [0.00064226 0.00090662 0.00048591 ... 0.         0.00392157 0.        ]
 ...
 [0.00064226 0.00090662 0.         ... 0.         0.         0.        ]
 [0.         0.00090662 0.         ... 0.         0.         0.        ]
 [0.         0.00090662 0.00048591 ... 0.         0.         0.        ]]
Training model for resistance to PEN
[6.40e+01 1.00e+00 6.40e+01 2.00e+00 2.00e+00 2.50e-01 2.50e-01 1.25e-01
 6.40e+01 6.40e+01 2.50e-01 6.40e+01 6.00e-02 2.50e-01 6.40e+01 8.00e+00
 6.40e+01 3.20e+01 2.50e-01 8.00e+00 6.40e+01 4.00e+00 4.00e+00 3.00e-02
 6.40e+01 6.40e+01 2.50e-01 6.40e+01 2.50e-01 2.00e+00 5.00e-01 8.00e+00
 2.50e-01 6.40e+01 2.00e+00 6.40e+01 1.00e+00 1.60e+01 2.00e+00 2.50e-01
 6.40e+01 5.00e-01 2.50e-01 1.00e+00 1.00e+00 6.00e-02 6.40e+01 2.50e-01
 6.40e+01 4.00e+00 4.00e+00 6.40e+01 6.40e+01 6.40e+01 1.00e+00 6.00e-02
 8.00e+00 2.00e+00 1.60e+01 1.50e-02 1.00e+00 1.00e+00 2.00e+00 2.50e-01
 6.40e+01 2.00e+00 3.00e-02 2.50e-01 2.50e-01 3.20e+01 4.00e+00 2.00e+00
 2.50e-01]
scaled X train:
[[ 0.32380965  4.94974747  1.598629   ...  0.          0.68228824
   1.85884182]
 [-1.17748962 -0.20203051 -0.06525016 ...  0.         -1.25086177
  -0.45337605]
 [-1.17748962 -0.20203051 -0.89718975 ...  0.         -1.25086177
  -0.45337605]
 ...
 [ 0.32380965 -0.20203051 -0.89718975 ...  0.          0.68228824
  -0.45337605]
 [ 0.32380965 -0.20203051 -0.06525016 ...  0.          0.68228824
  -0.45337605]
 [ 0.32380965 -0.20203051 -0.06525016 ...  0.          0.68228824
  -0.45337605]]
Ridge Regression

Training mean RMSE score: 0.003547919604825048
Testing mean RMSE score: 14.712513064277056
5-fold cross validation RMSE: [ 7.11347943 12.02151421  6.82912959 16.85904064  5.79293156]
Cross validation averaged RMSE: 9.72321908525728

Lasso Regression

Training mean RMSE score: 0.40189735040388275
Testing mean RMSE score: 14.15818985894348
5-fold cross validation RMSE: [ 6.00616296 10.83770997  7.98859189 26.01662557  4.71597956]
Cross validation averaged RMSE: 11.11301399000661

Decision Tree

Training mean RMSE score: 0.0
Testing mean RMSE score: 15.13338167459907
5-fold cross validation RMSE: [ 3.65349584 21.77412455  7.67504072 10.44756359 10.17142136]
Cross validation averaged RMSE: 10.74432921120848

Support Vector Machine

Training mean RMSE score: 0.0995857938420131
Testing mean RMSE score: 14.71331722028016
5-fold cross validation RMSE: [ 7.07566096 12.02232957  6.83233664 16.86915963  5.79963548]
Cross validation averaged RMSE: 9.719824457356832

Training model for resistance to TET
[ 1.     4.     0.5    4.     4.     1.    32.     0.25   1.     1.
 32.     1.     0.25   1.     1.     1.     1.    64.     1.     1.
  0.5    8.     1.     0.25   1.     1.     1.     1.     1.     4.
  0.5   32.     1.     4.     2.     1.     4.     1.     4.     0.5
  1.     1.     0.5    1.     1.     0.25   1.     0.25   1.     2.
  0.5    1.     1.     1.     1.     0.125 32.     1.    32.     0.25
  2.     4.     4.     1.     0.5    4.     0.25   0.5    0.25   1.
  1.     4.     1.   ]
scaled X train:
[[ 0.32380965  4.94974747  1.598629   ...  0.          0.68228824
   1.85884182]
 [-1.17748962 -0.20203051 -0.06525016 ...  0.         -1.25086177
  -0.45337605]
 [-1.17748962 -0.20203051 -0.89718975 ...  0.         -1.25086177
  -0.45337605]
 ...
 [ 0.32380965 -0.20203051 -0.89718975 ...  0.          0.68228824
  -0.45337605]
 [ 0.32380965 -0.20203051 -0.06525016 ...  0.          0.68228824
  -0.45337605]
 [ 0.32380965 -0.20203051 -0.06525016 ...  0.          0.68228824
  -0.45337605]]
Ridge Regression

Training mean RMSE score: 0.0030037830314543134
Testing mean RMSE score: 7.464772249549598
5-fold cross validation RMSE: [ 7.60079673 22.79795293 11.99821348  6.4221369   3.22468482]
Cross validation averaged RMSE: 10.408756972610774

Lasso Regression

Training mean RMSE score: 0.3491399199323767
Testing mean RMSE score: 8.764939612249034
5-fold cross validation RMSE: [ 8.64975596 24.26842206  0.66730788  0.98639955  9.59318493]
Cross validation averaged RMSE: 8.833014076589883

Decision Tree

Training mean RMSE score: 0.0
Testing mean RMSE score: 9.358584112509172
5-fold cross validation RMSE: [13.33250471 24.36454904  1.40534693  1.59687194  1.36930639]
Cross validation averaged RMSE: 8.413715803794991

Support Vector Machine

Training mean RMSE score: 0.10004317151204863
Testing mean RMSE score: 7.4581305711562464
5-fold cross validation RMSE: [ 7.60246404 22.75018909 12.00003013  6.43878555  3.24030371]
Cross validation averaged RMSE: 10.406354505134964

Training model for resistance to SPEC
[16 16 16 16 32 16 16 16 16 16 16 16 16 16 16 16 16 16 16 16 16 32 16 16
 16 16 16 16 16 16 16 16 16 16 16 16 32 16 16 16 16 16 16 16 16 16 16 32
 16 16 16 16 16 16 16 16 16 16 16 16 16 16 32 16 16 16 16 16 16 16 16 32
 16]
scaled X train:
[[ 0.32380965  4.94974747  1.598629   ...  0.          0.68228824
   1.85884182]
 [-1.17748962 -0.20203051 -0.06525016 ...  0.         -1.25086177
  -0.45337605]
 [-1.17748962 -0.20203051 -0.89718975 ...  0.         -1.25086177
  -0.45337605]
 ...
 [ 0.32380965 -0.20203051 -0.89718975 ...  0.          0.68228824
  -0.45337605]
 [ 0.32380965 -0.20203051 -0.06525016 ...  0.          0.68228824
  -0.45337605]
 [ 0.32380965 -0.20203051 -0.06525016 ...  0.          0.68228824
  -0.45337605]]
Ridge Regression

Training mean RMSE score: 0.004933761420174605
Testing mean RMSE score: 4.546516973607775
5-fold cross validation RMSE: [6.90749186 3.68612034 3.77922108 4.20571005 5.84955878]
Cross validation averaged RMSE: 4.885620420497984

Lasso Regression

Training mean RMSE score: 0.6912069540785476
Testing mean RMSE score: 3.522576076801321
5-fold cross validation RMSE: [6.74653827 2.41231139 5.68241604 3.7386629  3.45061491]
Cross validation averaged RMSE: 4.406108700087581

Decision Tree

Training mean RMSE score: 0.0
Testing mean RMSE score: 5.908391567007971
5-fold cross validation RMSE: [6.82242292 7.15541753 5.05964426 5.05964426 7.15541753]
Cross validation averaged RMSE: 6.250509298383401

Support Vector Machine

Training mean RMSE score: 0.09796885672255147
Testing mean RMSE score: 4.529277951334429
5-fold cross validation RMSE: [6.8692592  3.65627331 3.75858299 4.18756289 5.79917112]
Cross validation averaged RMSE: 4.8541699031158405

Training model for resistance to CFX
[0.015 0.06  0.008 0.125 0.125 0.03  0.008 0.008 0.008 0.008 0.03  0.008
 0.008 0.06  0.008 0.03  0.008 0.008 0.015 0.03  0.008 0.125 0.008 0.002
 0.008 0.015 0.015 0.008 0.03  0.25  0.015 0.015 0.015 0.015 0.125 0.008
 0.125 0.03  0.03  0.008 0.015 0.03  0.008 0.03  0.03  0.015 0.015 0.03
 0.008 0.125 0.015 0.015 0.015 0.008 0.03  0.008 0.03  0.03  0.06  0.002
 0.03  0.125 0.25  0.015 0.008 0.125 0.002 0.015 0.03  0.008 0.015 0.25
 0.06 ]
scaled X train:
[[ 0.32380965  4.94974747  1.598629   ...  0.          0.68228824
   1.85884182]
 [-1.17748962 -0.20203051 -0.06525016 ...  0.         -1.25086177
  -0.45337605]
 [-1.17748962 -0.20203051 -0.89718975 ...  0.         -1.25086177
  -0.45337605]
 ...
 [ 0.32380965 -0.20203051 -0.89718975 ...  0.          0.68228824
  -0.45337605]
 [ 0.32380965 -0.20203051 -0.06525016 ...  0.          0.68228824
  -0.45337605]
 [ 0.32380965 -0.20203051 -0.06525016 ...  0.          0.68228824
  -0.45337605]]
Ridge Regression

Training mean RMSE score: 6.678165723837704e-05
Testing mean RMSE score: 0.030389857543457157
5-fold cross validation RMSE: [0.04914604 0.02344765 0.03818467 0.05130065 0.03407229]
Cross validation averaged RMSE: 0.03923026107887758

Lasso Regression

Training mean RMSE score: 0.0621130234464633
Testing mean RMSE score: 0.03970400668970458
5-fold cross validation RMSE: [0.04311466 0.03789729 0.07445757 0.09759755 0.03887902]
Cross validation averaged RMSE: 0.058389218586454

Decision Tree

Training mean RMSE score: 3.699892963052651e-18
Testing mean RMSE score: 0.05097013385753019
5-fold cross validation RMSE: [0.05170985 0.04243466 0.04233675 0.0566189  0.02308029]
Cross validation averaged RMSE: 0.04323609037061892

Support Vector Machine

Training mean RMSE score: 0.08730645534686136
Testing mean RMSE score: 0.08539933826339649
5-fold cross validation RMSE: [0.08386407 0.08462428 0.09108381 0.09625795 0.08682941]
Cross validation averaged RMSE: 0.08853190229887234

Training model for resistance to CRO
[0.008 0.03  0.004 0.03  0.06  0.015 0.008 0.004 0.004 0.004 0.015 0.004
 0.004 0.03  0.004 0.015 0.004 0.008 0.008 0.015 0.004 0.06  0.004 0.001
 0.004 0.008 0.008 0.004 0.015 0.06  0.008 0.008 0.008 0.015 0.06  0.004
 0.06  0.015 0.03  0.004 0.008 0.015 0.004 0.015 0.015 0.008 0.008 0.015
 0.004 0.125 0.008 0.008 0.008 0.004 0.015 0.004 0.015 0.03  0.03  0.001
 0.015 0.03  0.125 0.008 0.004 0.06  0.001 0.008 0.015 0.004 0.008 0.06
 0.03 ]
scaled X train:
[[ 0.32380965  4.94974747  1.598629   ...  0.          0.68228824
   1.85884182]
 [-1.17748962 -0.20203051 -0.06525016 ...  0.         -1.25086177
  -0.45337605]
 [-1.17748962 -0.20203051 -0.89718975 ...  0.         -1.25086177
  -0.45337605]
 ...
 [ 0.32380965 -0.20203051 -0.89718975 ...  0.          0.68228824
  -0.45337605]
 [ 0.32380965 -0.20203051 -0.06525016 ...  0.          0.68228824
  -0.45337605]
 [ 0.32380965 -0.20203051 -0.06525016 ...  0.          0.68228824
  -0.45337605]]
Ridge Regression

Training mean RMSE score: 2.040027279087392e-05
Testing mean RMSE score: 0.01459540585556442
5-fold cross validation RMSE: [0.03667454 0.01810063 0.0159369  0.02580878 0.01141037]
Cross validation averaged RMSE: 0.02158624084882708

Lasso Regression

Training mean RMSE score: 0.026401012411703784
Testing mean RMSE score: 0.01854576893578678
5-fold cross validation RMSE: [0.03379248 0.01221444 0.02054547 0.0379373  0.01788951]
Cross validation averaged RMSE: 0.024475842065469676

Decision Tree

Training mean RMSE score: 1.1393482987432946e-18
Testing mean RMSE score: 0.009548917120900054
5-fold cross validation RMSE: [0.03113898 0.01105893 0.03739251 0.03616767 0.01033925]
Cross validation averaged RMSE: 0.025219468205015656

Support Vector Machine

Training mean RMSE score: 0.05109449147240365
Testing mean RMSE score: 0.04930517214248419
5-fold cross validation RMSE: [0.05347982 0.04839215 0.0479239  0.05408697 0.05103234]
Cross validation averaged RMSE: 0.050983034718935075

Training model for resistance to CIP
[4.0e+00 8.0e+00 4.0e+00 1.6e+01 1.6e+01 1.5e-02 8.0e-03 4.0e-03 4.0e+00
 4.0e+00 4.0e+00 4.0e+00 4.0e-03 1.5e-02 4.0e+00 4.0e+00 4.0e+00 4.0e+00
 4.0e-03 1.0e+00 4.0e+00 1.6e+01 5.0e-01 4.0e-03 4.0e+00 4.0e+00 4.0e-03
 4.0e+00 8.0e-03 1.6e+01 4.0e-03 1.0e+00 8.0e-03 8.0e+00 8.0e+00 4.0e+00
 1.6e+01 2.0e+00 1.5e-02 4.0e-03 4.0e+00 1.5e-02 4.0e-03 4.0e-03 4.0e-03
 4.0e-03 4.0e+00 8.0e-03 4.0e+00 1.5e-02 2.0e+00 4.0e+00 4.0e+00 4.0e+00
 4.0e-03 4.0e-03 1.0e+00 8.0e-03 2.0e+00 4.0e-03 8.0e-03 1.6e+01 1.6e+01
 8.0e-03 4.0e-03 1.6e+01 4.0e-03 4.0e-03 8.0e-03 4.0e+00 4.0e+00 1.6e+01
 8.0e-03]
scaled X train:
[[ 0.32380965  4.94974747  1.598629   ...  0.          0.68228824
   1.85884182]
 [-1.17748962 -0.20203051 -0.06525016 ...  0.         -1.25086177
  -0.45337605]
 [-1.17748962 -0.20203051 -0.89718975 ...  0.         -1.25086177
  -0.45337605]
 ...
 [ 0.32380965 -0.20203051 -0.89718975 ...  0.          0.68228824
  -0.45337605]
 [ 0.32380965 -0.20203051 -0.06525016 ...  0.          0.68228824
  -0.45337605]
 [ 0.32380965 -0.20203051 -0.06525016 ...  0.          0.68228824
  -0.45337605]]
Ridge Regression

Training mean RMSE score: 0.00023729820846503497
Testing mean RMSE score: 1.9458609549578463
5-fold cross validation RMSE: [1.94432843 1.52201508 0.48848455 1.72826462 2.03825417]
Cross validation averaged RMSE: 1.5442693698525827

Lasso Regression

Training mean RMSE score: 0.2604403940413359
Testing mean RMSE score: 1.555041156578645
5-fold cross validation RMSE: [1.32547579 2.6591184  1.78310607 1.37637301 2.52747487]
Cross validation averaged RMSE: 1.9343096288491872

Decision Tree

Training mean RMSE score: 4.2073224251123505e-19
Testing mean RMSE score: 2.451773931073358
5-fold cross validation RMSE: [0.42641774 2.62564737 0.00602495 0.31623551 2.52982244]
Cross validation averaged RMSE: 1.1808296032089274

Support Vector Machine

Training mean RMSE score: 0.08979724252613433
Testing mean RMSE score: 1.9340658665867396
5-fold cross validation RMSE: [1.94811374 1.56011648 0.53406978 1.71091179 2.01794377]
Cross validation averaged RMSE: 1.554231112090568

Training model for resistance to AZI
[0.25  0.25  0.125 8.    0.5   0.5   0.06  0.03  0.25  0.125 0.06  0.25
 0.06  0.25  0.25  0.125 0.25  0.125 0.06  0.125 0.125 1.    0.25  0.125
 0.125 0.125 0.25  0.25  0.06  0.5   0.125 0.25  0.06  0.25  0.25  0.25
 0.5   0.125 0.25  0.015 0.25  0.5   0.03  0.125 0.125 0.25  0.25  0.25
 0.25  0.25  0.03  0.25  0.03  0.25  0.25  0.06  0.125 0.25  0.125 0.125
 0.5   0.5   0.5   1.    0.25  0.5   0.125 0.125 0.25  0.25  0.125 0.5
 0.25 ]
scaled X train:
[[ 0.32380965  4.94974747  1.598629   ...  0.          0.68228824
   1.85884182]
 [-1.17748962 -0.20203051 -0.06525016 ...  0.         -1.25086177
  -0.45337605]
 [-1.17748962 -0.20203051 -0.89718975 ...  0.         -1.25086177
  -0.45337605]
 ...
 [ 0.32380965 -0.20203051 -0.89718975 ...  0.          0.68228824
  -0.45337605]
 [ 0.32380965 -0.20203051 -0.06525016 ...  0.          0.68228824
  -0.45337605]
 [ 0.32380965 -0.20203051 -0.06525016 ...  0.          0.68228824
  -0.45337605]]
Ridge Regression

Training mean RMSE score: 0.0003270074728340248
Testing mean RMSE score: 0.739168959946094
5-fold cross validation RMSE: [0.44560661 2.4009214  0.2593854  0.51694618 1.61321458]
Cross validation averaged RMSE: 1.0472148359275768

Lasso Regression

Training mean RMSE score: 0.1691162210540913
Testing mean RMSE score: 0.20643806826981909
5-fold cross validation RMSE: [0.14203469 2.45682989 0.11949185 0.10847152 0.24689369]
Cross validation averaged RMSE: 0.6147443280232039

Decision Tree

Training mean RMSE score: 0.0
Testing mean RMSE score: 1.6643805153870312
5-fold cross validation RMSE: [0.16304628 2.37255716 0.14018737 0.04065095 0.25073392]
Cross validation averaged RMSE: 0.5934351399765083

Support Vector Machine

Training mean RMSE score: 0.08895453064627659
Testing mean RMSE score: 0.7593431767845313
5-fold cross validation RMSE: [0.43395003 2.3746807  0.26794678 0.51389246 1.59391476]
Cross validation averaged RMSE: 1.0368769454022855

Training model for resistance to ZOL
[0.125 0.06  0.125 0.125 0.125 0.125 0.125 0.03  0.125 0.06  0.06  0.125
 0.03  0.125 0.125 0.06  0.125 0.125 0.125 0.06  0.125 0.25  0.125 0.125
 0.06  0.125 0.125 0.125 0.125 0.125 0.06  0.06  0.125 0.125 0.125 0.125
 0.125 0.06  0.125 0.008 0.125 0.125 0.004 0.125 0.06  0.06  0.125 0.25
 0.125 0.125 0.015 0.125 0.004 0.125 0.06  0.03  0.06  0.06  0.125 0.06
 0.125 0.125 0.125 0.125 0.125 0.125 0.06  0.125 0.25  0.125 0.125 0.125
 0.125]
scaled X train:
[[ 0.32380965  4.94974747  1.598629   ...  0.          0.68228824
   1.85884182]
 [-1.17748962 -0.20203051 -0.06525016 ...  0.         -1.25086177
  -0.45337605]
 [-1.17748962 -0.20203051 -0.89718975 ...  0.         -1.25086177
  -0.45337605]
 ...
 [ 0.32380965 -0.20203051 -0.89718975 ...  0.          0.68228824
  -0.45337605]
 [ 0.32380965 -0.20203051 -0.06525016 ...  0.          0.68228824
  -0.45337605]
 [ 0.32380965 -0.20203051 -0.06525016 ...  0.          0.68228824
  -0.45337605]]
Ridge Regression

Training mean RMSE score: 3.057998684098066e-05
Testing mean RMSE score: 0.0607462279007552
5-fold cross validation RMSE: [0.07497598 0.02870995 0.02212605 0.01982923 0.07002762]
Cross validation averaged RMSE: 0.04313376414601452

Lasso Regression

Training mean RMSE score: 0.04904382930998719
Testing mean RMSE score: 0.04726198976437688
5-fold cross validation RMSE: [0.0710029  0.0165122  0.02600224 0.03077691 0.07462959]
Cross validation averaged RMSE: 0.04378476768849005

Decision Tree

Training mean RMSE score: 0.0
Testing mean RMSE score: 0.0820030487238127
5-fold cross validation RMSE: [0.06001212 0.04596194 0.05226471 0.02906888 0.10087467]
Cross validation averaged RMSE: 0.057636466008210395

Support Vector Machine

Training mean RMSE score: 0.04727549725220252
Testing mean RMSE score: 0.0567251561190376
5-fold cross validation RMSE: [0.07586459 0.01439081 0.03257331 0.0337141  0.0675312 ]
Cross validation averaged RMSE: 0.04481480242453449

