Nov.-17 03:55:00.899 [main] DEBUG nextflow.cli.Launcher - $> nextflow main.nf --sra_path '../data/PRJNA776899.4/*.sra' --outdir ../data/aligner_results.4
Nov.-17 03:55:01.037 [main] DEBUG nextflow.cli.CmdRun - N E X T F L O W  ~  version 24.10.6
Nov.-17 03:55:01.058 [main] DEBUG nextflow.plugin.PluginsFacade - Setting up plugin manager > mode=prod; embedded=false; plugins-dir=/home/giuliosp/.nextflow/plugins; core-plugins: nf-amazon@2.9.3,nf-azure@1.10.2,nf-cloudcache@0.4.2,nf-codecommit@0.2.2,nf-console@1.1.4,nf-google@1.15.4,nf-tower@1.9.3,nf-wave@1.7.5
Nov.-17 03:55:01.082 [main] INFO  o.pf4j.DefaultPluginStatusProvider - Enabled plugins: []
Nov.-17 03:55:01.083 [main] INFO  o.pf4j.DefaultPluginStatusProvider - Disabled plugins: []
Nov.-17 03:55:01.086 [main] INFO  org.pf4j.DefaultPluginManager - PF4J version 3.12.0 in 'deployment' mode
Nov.-17 03:55:01.098 [main] INFO  org.pf4j.AbstractPluginManager - No plugins
Nov.-17 03:55:01.117 [main] DEBUG nextflow.config.ConfigBuilder - Found config local: /home/giuliosp/Desktop/Joy_Lab/BIOF 501/Project/giuliBIOF501Project/Nextflow.aligner/nextflow.config
Nov.-17 03:55:01.119 [main] DEBUG nextflow.config.ConfigBuilder - Parsing config file: /home/giuliosp/Desktop/Joy_Lab/BIOF 501/Project/giuliBIOF501Project/Nextflow.aligner/nextflow.config
Nov.-17 03:55:01.140 [main] DEBUG n.secret.LocalSecretsProvider - Secrets store: /home/giuliosp/.nextflow/secrets/store.json
Nov.-17 03:55:01.143 [main] DEBUG nextflow.secret.SecretsLoader - Discovered secrets providers: [nextflow.secret.LocalSecretsProvider@28a6301f] - activable => nextflow.secret.LocalSecretsProvider@28a6301f
Nov.-17 03:55:01.154 [main] DEBUG nextflow.config.ConfigBuilder - Applying config profile: `standard`
Nov.-17 03:55:01.517 [main] DEBUG nextflow.cli.CmdRun - Applied DSL=2 from script declaration
Nov.-17 03:55:01.531 [main] DEBUG nextflow.cli.CmdRun - Launching `main.nf` [festering_fermat] DSL2 - revision: d0bd97f3f9
Nov.-17 03:55:01.532 [main] DEBUG nextflow.plugin.PluginsFacade - Plugins default=[]
Nov.-17 03:55:01.533 [main] DEBUG nextflow.plugin.PluginsFacade - Plugins resolved requirement=[]
Nov.-17 03:55:01.591 [main] DEBUG nextflow.Session - Session UUID: 0a9b5e50-32a0-4804-aaf1-82ef331d3393
Nov.-17 03:55:01.591 [main] DEBUG nextflow.Session - Run name: festering_fermat
Nov.-17 03:55:01.592 [main] DEBUG nextflow.Session - Executor pool size: 8
Nov.-17 03:55:01.600 [main] DEBUG nextflow.file.FilePorter - File porter settings maxRetries=3; maxTransfers=50; pollTimeout=null
Nov.-17 03:55:01.605 [main] DEBUG nextflow.util.ThreadPoolBuilder - Creating thread pool 'FileTransfer' minSize=10; maxSize=24; workQueue=LinkedBlockingQueue[-1]; allowCoreThreadTimeout=false
Nov.-17 03:55:01.629 [main] DEBUG nextflow.cli.CmdRun - 
  Version: 24.10.6 build 5937
  Created: 23-04-2025 16:53 UTC (09:53 PDT)
  System: Linux 6.8.0-87-generic
  Runtime: Groovy 4.0.23 on OpenJDK 64-Bit Server VM 11.0.27+6
  Encoding: UTF-8 (UTF-8)
  Process: 235007@giulipc [192.168.18.28]
  CPUs: 8 - Mem: 7.2 GB (1.3 GB) - Swap: 2 GB (707.4 MB)
Nov.-17 03:55:01.648 [main] DEBUG nextflow.file.FileHelper - Can't check if specified path is NFS (1): /home/giuliosp/Desktop/Joy_Lab/BIOF 501/Project/giuliBIOF501Project/Nextflow.aligner/work

Nov.-17 03:55:01.648 [main] DEBUG nextflow.Session - Work-dir: /home/giuliosp/Desktop/Joy_Lab/BIOF 501/Project/giuliBIOF501Project/Nextflow.aligner/work [null]
Nov.-17 03:55:01.649 [main] DEBUG nextflow.Session - Script base path does not exist or is not a directory: /home/giuliosp/Desktop/Joy_Lab/BIOF 501/Project/giuliBIOF501Project/Nextflow.aligner/bin
Nov.-17 03:55:01.659 [main] DEBUG nextflow.executor.ExecutorFactory - Extension executors providers=[]
Nov.-17 03:55:01.669 [main] DEBUG nextflow.Session - Observer factory: DefaultObserverFactory
Nov.-17 03:55:01.692 [main] DEBUG nextflow.cache.CacheFactory - Using Nextflow cache factory: nextflow.cache.DefaultCacheFactory
Nov.-17 03:55:01.704 [main] DEBUG nextflow.util.CustomThreadPool - Creating default thread pool > poolSize: 9; maxThreads: 1000
Nov.-17 03:55:01.794 [main] DEBUG nextflow.Session - Session start
Nov.-17 03:55:02.228 [main] DEBUG nextflow.script.ScriptRunner - > Launching execution
Nov.-17 03:55:02.242 [main] INFO  nextflow.Nextflow - SRA 2 FASTA ALIGNMENT PIPELINE
===================================
reference   : ../data/GCF_000020105.1_ref/GCF_000020105.1_ASM2010v1_genomic.fna
sra path    : ../data/PRJNA776899.4/*.sra
outdir      : ../data/aligner_results.4

Nov.-17 03:55:02.423 [main] DEBUG nextflow.executor.ExecutorFactory - << taskConfig executor: local
Nov.-17 03:55:02.424 [main] DEBUG nextflow.executor.ExecutorFactory - >> processorType: 'local'
Nov.-17 03:55:02.429 [main] DEBUG nextflow.executor.Executor - [warm up] executor > local
Nov.-17 03:55:02.436 [main] DEBUG n.processor.LocalPollingMonitor - Creating local task monitor for executor 'local' > cpus=8; memory=7.2 GB; capacity=8; pollInterval=100ms; dumpInterval=5m
Nov.-17 03:55:02.440 [main] DEBUG n.processor.TaskPollingMonitor - >>> barrier register (monitor: local)
Nov.-17 03:55:02.501 [main] DEBUG nextflow.executor.ExecutorFactory - << taskConfig executor: local
Nov.-17 03:55:02.501 [main] DEBUG nextflow.executor.ExecutorFactory - >> processorType: 'local'
Nov.-17 03:55:02.508 [main] DEBUG nextflow.executor.ExecutorFactory - << taskConfig executor: local
Nov.-17 03:55:02.509 [main] DEBUG nextflow.executor.ExecutorFactory - >> processorType: 'local'
Nov.-17 03:55:02.515 [main] DEBUG nextflow.executor.ExecutorFactory - << taskConfig executor: local
Nov.-17 03:55:02.515 [main] DEBUG nextflow.executor.ExecutorFactory - >> processorType: 'local'
Nov.-17 03:55:02.521 [main] DEBUG nextflow.executor.ExecutorFactory - << taskConfig executor: local
Nov.-17 03:55:02.521 [main] DEBUG nextflow.executor.ExecutorFactory - >> processorType: 'local'
Nov.-17 03:55:02.527 [main] DEBUG nextflow.executor.ExecutorFactory - << taskConfig executor: local
Nov.-17 03:55:02.527 [main] DEBUG nextflow.executor.ExecutorFactory - >> processorType: 'local'
Nov.-17 03:55:02.536 [main] DEBUG nextflow.executor.ExecutorFactory - << taskConfig executor: local
Nov.-17 03:55:02.536 [main] DEBUG nextflow.executor.ExecutorFactory - >> processorType: 'local'
Nov.-17 03:55:02.551 [main] DEBUG nextflow.executor.ExecutorFactory - << taskConfig executor: local
Nov.-17 03:55:02.551 [main] DEBUG nextflow.executor.ExecutorFactory - >> processorType: 'local'
Nov.-17 03:55:02.564 [main] DEBUG nextflow.executor.ExecutorFactory - << taskConfig executor: local
Nov.-17 03:55:02.564 [main] DEBUG nextflow.executor.ExecutorFactory - >> processorType: 'local'
Nov.-17 03:55:02.569 [main] DEBUG nextflow.Session - Workflow process names [dsl2]: dump_reads, index_bam, extract_aligned, build_index, fastqc, bam_to_fastq, align, multiqc, fastq_to_fasta, sort_bam
Nov.-17 03:55:02.569 [main] DEBUG nextflow.Session - Igniting dataflow network (12)
Nov.-17 03:55:02.576 [PathVisitor-1] DEBUG nextflow.file.PathVisitor - files for syntax: glob; folder: ../data/PRJNA776899.4/; pattern: *.sra; options: [:]
Nov.-17 03:55:02.576 [main] DEBUG nextflow.processor.TaskProcessor - Starting process > dump_reads
Nov.-17 03:55:02.578 [main] DEBUG nextflow.processor.TaskProcessor - Starting process > align
Nov.-17 03:55:02.578 [main] DEBUG nextflow.processor.TaskProcessor - Starting process > sort_bam
Nov.-17 03:55:02.579 [main] DEBUG nextflow.processor.TaskProcessor - Starting process > index_bam
Nov.-17 03:55:02.580 [main] DEBUG nextflow.processor.TaskProcessor - Starting process > extract_aligned
Nov.-17 03:55:02.582 [main] DEBUG nextflow.processor.TaskProcessor - Starting process > bam_to_fastq
Nov.-17 03:55:02.583 [main] DEBUG nextflow.processor.TaskProcessor - Starting process > fastq_to_fasta
Nov.-17 03:55:02.584 [main] DEBUG nextflow.processor.TaskProcessor - Starting process > fastqc
Nov.-17 03:55:02.584 [main] DEBUG nextflow.processor.TaskProcessor - Starting process > multiqc
Nov.-17 03:55:02.585 [main] DEBUG nextflow.script.ScriptRunner - Parsed script files:
  Script_046e17b369779482: /home/giuliosp/Desktop/Joy_Lab/BIOF 501/Project/giuliBIOF501Project/Nextflow.aligner/main.nf
Nov.-17 03:55:02.585 [main] DEBUG nextflow.script.ScriptRunner - > Awaiting termination 
Nov.-17 03:55:02.585 [main] DEBUG nextflow.Session - Session await
Nov.-17 03:55:02.782 [Task submitter] DEBUG n.executor.local.LocalTaskHandler - Launch cmd line: /bin/bash -ue .command.run
Nov.-17 03:55:02.784 [Task submitter] INFO  nextflow.Session - [f8/1fa623] Submitted process > dump_reads (SRR16683614)
Nov.-17 03:56:29.627 [SIGINT handler] DEBUG nextflow.Session - Session aborted -- Cause: SIGINT
Nov.-17 03:56:29.628 [Task monitor] DEBUG n.processor.TaskPollingMonitor - Task completed > TaskHandler[id: 5; name: dump_reads (SRR16683614); status: COMPLETED; exit: 130; error: -; workDir: /home/giuliosp/Desktop/Joy_Lab/BIOF 501/Project/giuliBIOF501Project/Nextflow.aligner/work/f8/1fa623bb2b619f9286fbc516f1ffca]
Nov.-17 03:56:29.629 [Task monitor] DEBUG nextflow.util.ThreadPoolBuilder - Creating thread pool 'TaskFinalizer' minSize=10; maxSize=24; workQueue=LinkedBlockingQueue[-1]; allowCoreThreadTimeout=false
Nov.-17 03:56:29.631 [Task monitor] DEBUG n.processor.TaskPollingMonitor - <<< barrier arrives (monitor: local) - terminating tasks monitor poll loop
Nov.-17 03:56:38.600 [TaskFinalizer-1] DEBUG nextflow.processor.TaskProcessor - Handling unexpected condition for
  task: name=dump_reads (SRR16683614); work-dir=/home/giuliosp/Desktop/Joy_Lab/BIOF 501/Project/giuliBIOF501Project/Nextflow.aligner/work/f8/1fa623bb2b619f9286fbc516f1ffca
  error [nextflow.exception.ProcessFailedException]: Process `dump_reads (SRR16683614)` terminated with an error exit status (130)
Nov.-17 03:56:38.605 [SIGINT handler] DEBUG nextflow.Session - The following nodes are still active:
[process] align
  status=ACTIVE
  port 0: (queue) OPEN  ; channel: -
  port 1: (value) bound ; channel: ref_mmi
  port 2: (cntrl) -     ; channel: $

[process] sort_bam
  status=ACTIVE
  port 0: (queue) OPEN  ; channel: -
  port 1: (cntrl) -     ; channel: $

[process] index_bam
  status=ACTIVE
  port 0: (queue) OPEN  ; channel: -
  port 1: (cntrl) -     ; channel: $

[process] extract_aligned
  status=ACTIVE
  port 0: (queue) OPEN  ; channel: -
  port 1: (cntrl) -     ; channel: $

[process] bam_to_fastq
  status=ACTIVE
  port 0: (queue) OPEN  ; channel: -
  port 1: (cntrl) -     ; channel: $

[process] fastq_to_fasta
  status=ACTIVE
  port 0: (queue) OPEN  ; channel: -
  port 1: (cntrl) -     ; channel: $

[process] fastqc
  status=ACTIVE
  port 0: (queue) OPEN  ; channel: -
  port 1: (cntrl) -     ; channel: $

[process] multiqc
  status=ACTIVE
  port 0: (value) OPEN  ; channel: fastqc_files
  port 1: (cntrl) -     ; channel: $

Nov.-17 03:56:38.611 [SIGINT handler] DEBUG nextflow.Session - 
Thread[Actor Thread 7,5,main]
  java.base@11.0.27/jdk.internal.misc.Unsafe.park(Native Method)
  java.base@11.0.27/java.util.concurrent.locks.LockSupport.park(LockSupport.java:194)
  java.base@11.0.27/java.util.concurrent.SynchronousQueue$TransferStack.awaitFulfill(SynchronousQueue.java:460)
  java.base@11.0.27/java.util.concurrent.SynchronousQueue$TransferStack.transfer(SynchronousQueue.java:361)
  java.base@11.0.27/java.util.concurrent.SynchronousQueue.take(SynchronousQueue.java:920)
  java.base@11.0.27/java.util.concurrent.ThreadPoolExecutor.getTask(ThreadPoolExecutor.java:1054)
  java.base@11.0.27/java.util.concurrent.ThreadPoolExecutor.runWorker(ThreadPoolExecutor.java:1114)
  java.base@11.0.27/java.util.concurrent.ThreadPoolExecutor$Worker.run(ThreadPoolExecutor.java:628)
  java.base@11.0.27/java.lang.Thread.run(Thread.java:829)

Thread[Finalizer,8,system]
  java.base@11.0.27/java.lang.Object.wait(Native Method)
  java.base@11.0.27/java.lang.ref.ReferenceQueue.remove(ReferenceQueue.java:155)
  java.base@11.0.27/java.lang.ref.ReferenceQueue.remove(ReferenceQueue.java:176)
  java.base@11.0.27/java.lang.ref.Finalizer$FinalizerThread.run(Finalizer.java:170)

Thread[pool-2-thread-1,5,main]
  java.base@11.0.27/jdk.internal.misc.Unsafe.park(Native Method)
  java.base@11.0.27/java.util.concurrent.locks.LockSupport.park(LockSupport.java:194)
  java.base@11.0.27/java.util.concurrent.locks.AbstractQueuedSynchronizer$ConditionObject.await(AbstractQueuedSynchronizer.java:2081)
  java.base@11.0.27/java.util.concurrent.LinkedBlockingQueue.take(LinkedBlockingQueue.java:433)
  java.base@11.0.27/java.util.concurrent.ThreadPoolExecutor.getTask(ThreadPoolExecutor.java:1054)
  java.base@11.0.27/java.util.concurrent.ThreadPoolExecutor.runWorker(ThreadPoolExecutor.java:1114)
  java.base@11.0.27/java.util.concurrent.ThreadPoolExecutor$Worker.run(ThreadPoolExecutor.java:628)
  java.base@11.0.27/java.lang.Thread.run(Thread.java:829)

Thread[TaskFinalizer-1,5,main]
  java.base@11.0.27/jdk.internal.org.objectweb.asm.ClassWriter.newUTF8(ClassWriter.java:1172)
  java.base@11.0.27/jdk.internal.org.objectweb.asm.ClassWriter.newStringishItem(ClassWriter.java:1192)
  java.base@11.0.27/jdk.internal.org.objectweb.asm.MethodWriter.visitTypeInsn(MethodWriter.java:866)
  java.base@11.0.27/java.lang.invoke.InvokerBytecodeGenerator.emitReferenceCast(InvokerBytecodeGenerator.java:574)
  java.base@11.0.27/java.lang.invoke.InvokerBytecodeGenerator.emitImplicitConversion(InvokerBytecodeGenerator.java:538)
  java.base@11.0.27/java.lang.invoke.InvokerBytecodeGenerator.emitPushArgument(InvokerBytecodeGenerator.java:1615)
  java.base@11.0.27/java.lang.invoke.InvokerBytecodeGenerator.emitPushArgument(InvokerBytecodeGenerator.java:1607)
  java.base@11.0.27/java.lang.invoke.InvokerBytecodeGenerator.emitGuardWithCatch(InvokerBytecodeGenerator.java:1189)
  java.base@11.0.27/java.lang.invoke.InvokerBytecodeGenerator.addMethod(InvokerBytecodeGenerator.java:798)
  java.base@11.0.27/java.lang.invoke.InvokerBytecodeGenerator.generateCustomizedCodeBytes(InvokerBytecodeGenerator.java:735)
  java.base@11.0.27/java.lang.invoke.InvokerBytecodeGenerator.generateCustomizedCode(InvokerBytecodeGenerator.java:693)
  java.base@11.0.27/java.lang.invoke.LambdaForm.compileToBytecode(LambdaForm.java:871)
  java.base@11.0.27/java.lang.invoke.LambdaForm.prepare(LambdaForm.java:829)
  java.base@11.0.27/java.lang.invoke.MethodHandle.<init>(MethodHandle.java:468)
  java.base@11.0.27/java.lang.invoke.BoundMethodHandle.<init>(BoundMethodHandle.java:54)
  java.base@11.0.27/java.lang.invoke.BoundMethodHandle$Species_LLLLL.<init>(java/lang/invoke/BoundMethodHandle$Species_LLLLL)
  java.base@11.0.27/java.lang.invoke.BoundMethodHandle$Species_LLLLL.make(java/lang/invoke/BoundMethodHandle$Species_LLLLL)
  java.base@11.0.27/java.lang.invoke.DirectMethodHandle$Holder.invokeStatic(DirectMethodHandle$Holder)
  java.base@11.0.27/java.lang.invoke.MethodHandleImpl.makeGuardWithCatch(MethodHandleImpl.java:1093)
  java.base@11.0.27/java.lang.invoke.MethodHandles.catchException(MethodHandles.java:4508)
  app//org.codehaus.groovy.vmplugin.v8.Selector$MethodSelector.addExceptionHandler(Selector.java:879)
  app//org.codehaus.groovy.vmplugin.v8.Selector$MethodSelector.setCallSiteTarget(Selector.java:1035)
  app//org.codehaus.groovy.vmplugin.v8.IndyInterface.fallback(IndyInterface.java:360)
  app//org.codehaus.groovy.vmplugin.v8.IndyInterface.access$000(IndyInterface.java:50)
  app//org.codehaus.groovy.vmplugin.v8.IndyInterface$FallbackSupplier.get(IndyInterface.java:282)
  app//org.codehaus.groovy.vmplugin.v8.IndyInterface.lambda$fromCache$1(IndyInterface.java:304)
  app//org.codehaus.groovy.vmplugin.v8.IndyInterface$$Lambda$89/0x000000010017e440.provide(Unknown Source)
  app//org.codehaus.groovy.vmplugin.v8.CacheableCallSite.getAndPut(CacheableCallSite.java:70)
  app//org.codehaus.groovy.vmplugin.v8.IndyInterface.lambda$fromCache$2(IndyInterface.java:301)
  app//org.codehaus.groovy.vmplugin.v8.IndyInterface$$Lambda$88/0x000000010017e040.apply(Unknown Source)
  app//org.codehaus.groovy.vmplugin.v8.IndyInterface.doWithCallSite(IndyInterface.java:376)
  app//org.codehaus.groovy.vmplugin.v8.IndyInterface.fromCache(IndyInterface.java:298)
  java.base@11.0.27/java.lang.invoke.LambdaForm$DMH/0x0000000100175840.invokeStatic(LambdaForm$DMH)
  java.base@11.0.27/java.lang.invoke.LambdaForm$MH/0x0000000100547440.invoke(LambdaForm$MH)
  java.base@11.0.27/java.lang.invoke.LambdaForm$MH/0x0000000100547c40.linkToCallSite(LambdaForm$MH)
  app//nextflow.processor.TaskProcessor.resumeOrDie(TaskProcessor.groovy:1075)
  java.base@11.0.27/java.lang.invoke.DirectMethodHandle$Holder.invokeSpecial(DirectMethodHandle$Holder)
  java.base@11.0.27/java.lang.invoke.LambdaForm$MH/0x0000000100544c40.invoke(LambdaForm$MH)
  java.base@11.0.27/java.lang.invoke.LambdaForm$MH/0x00000001002d1440.guardWithCatch(LambdaForm$MH)
  java.base@11.0.27/java.lang.invoke.LambdaForm$MH/0x00000001002d2040.reinvoke(LambdaForm$MH)
  java.base@11.0.27/java.lang.invoke.LambdaForm$MH/0x00000001002d2440.guard(LambdaForm$MH)
  java.base@11.0.27/java.lang.invoke.LambdaForm$MH/0x00000001002d2040.reinvoke(LambdaForm$MH)
  java.base@11.0.27/java.lang.invoke.LambdaForm$MH/0x00000001002d2440.guard(LambdaForm$MH)
  java.base@11.0.27/java.lang.invoke.LambdaForm$MH/0x00000001002d2040.reinvoke(LambdaForm$MH)
  java.base@11.0.27/java.lang.invoke.LambdaForm$MH/0x00000001004b3040.invoke(LambdaForm$MH)
  java.base@11.0.27/java.lang.invoke.LambdaForm$MH/0x0000000100196040.invokeExact_MT(LambdaForm$MH)
  app//org.codehaus.groovy.vmplugin.v8.IndyInterface.fromCache(IndyInterface.java:321)
  java.base@11.0.27/java.lang.invoke.LambdaForm$DMH/0x0000000100175840.invokeStatic(LambdaForm$DMH)
  java.base@11.0.27/java.lang.invoke.LambdaForm$MH/0x00000001002c7040.invoke(LambdaForm$MH)
  java.base@11.0.27/java.lang.invoke.Invokers$Holder.linkToCallSite(Invokers$Holder)
  app//nextflow.processor.TaskProcessor.finalizeTask(TaskProcessor.groovy:2396)
  app//nextflow.processor.TaskPollingMonitor.finalizeTask(TaskPollingMonitor.groovy:688)
  app//nextflow.processor.TaskPollingMonitor.safeFinalizeTask(TaskPollingMonitor.groovy:678)
  java.base@11.0.27/jdk.internal.reflect.NativeMethodAccessorImpl.invoke0(Native Method)
  java.base@11.0.27/jdk.internal.reflect.NativeMethodAccessorImpl.invoke(NativeMethodAccessorImpl.java:62)
  java.base@11.0.27/jdk.internal.reflect.DelegatingMethodAccessorImpl.invoke(DelegatingMethodAccessorImpl.java:43)
  java.base@11.0.27/java.lang.reflect.Method.invoke(Method.java:566)
  app//org.codehaus.groovy.reflection.CachedMethod.invoke(CachedMethod.java:343)
  app//groovy.lang.MetaMethod.doMethodInvoke(MetaMethod.java:328)
  app//groovy.lang.MetaClassImpl.doInvokeMethod(MetaClassImpl.java:1333)
  app//groovy.lang.MetaClassImpl.invokeMethod(MetaClassImpl.java:1088)
  app//groovy.lang.MetaClassImpl.invokeMethod(MetaClassImpl.java:1007)
  app//org.codehaus.groovy.runtime.InvokerHelper.invokePogoMethod(InvokerHelper.java:645)
  app//org.codehaus.groovy.runtime.InvokerHelper.invokeMethod(InvokerHelper.java:628)
  app//org.codehaus.groovy.runtime.InvokerHelper.invokeMethodSafe(InvokerHelper.java:82)
  app//nextflow.processor.TaskPollingMonitor$_checkTaskStatus_lambda8.doCall(TaskPollingMonitor.groovy:668)
  app//nextflow.processor.TaskPollingMonitor$$Lambda$427/0x0000000100538840.run(Unknown Source)
  java.base@11.0.27/java.util.concurrent.Executors$RunnableAdapter.call(Executors.java:515)
  java.base@11.0.27/java.util.concurrent.FutureTask.run(FutureTask.java:264)
  java.base@11.0.27/java.util.concurrent.ThreadPoolExecutor.runWorker(ThreadPoolExecutor.java:1128)
  java.base@11.0.27/java.util.concurrent.ThreadPoolExecutor$Worker.run(ThreadPoolExecutor.java:628)
  java.base@11.0.27/java.lang.Thread.run(Thread.java:829)

Thread[Actor Thread 6,5,main]
  java.base@11.0.27/jdk.internal.misc.Unsafe.park(Native Method)
  java.base@11.0.27/java.util.concurrent.locks.LockSupport.park(LockSupport.java:194)
  java.base@11.0.27/java.util.concurrent.SynchronousQueue$TransferStack.awaitFulfill(SynchronousQueue.java:460)
  java.base@11.0.27/java.util.concurrent.SynchronousQueue$TransferStack.transfer(SynchronousQueue.java:361)
  java.base@11.0.27/java.util.concurrent.SynchronousQueue.take(SynchronousQueue.java:920)
  java.base@11.0.27/java.util.concurrent.ThreadPoolExecutor.getTask(ThreadPoolExecutor.java:1054)
  java.base@11.0.27/java.util.concurrent.ThreadPoolExecutor.runWorker(ThreadPoolExecutor.java:1114)
  java.base@11.0.27/java.util.concurrent.ThreadPoolExecutor$Worker.run(ThreadPoolExecutor.java:628)
  java.base@11.0.27/java.lang.Thread.run(Thread.java:829)

Thread[Actor Thread 9,5,main]
  java.base@11.0.27/jdk.internal.misc.Unsafe.park(Native Method)
  java.base@11.0.27/java.util.concurrent.locks.LockSupport.park(LockSupport.java:194)
  java.base@11.0.27/java.util.concurrent.SynchronousQueue$TransferStack.awaitFulfill(SynchronousQueue.java:460)
  java.base@11.0.27/java.util.concurrent.SynchronousQueue$TransferStack.transfer(SynchronousQueue.java:361)
  java.base@11.0.27/java.util.concurrent.SynchronousQueue.take(SynchronousQueue.java:920)
  java.base@11.0.27/java.util.concurrent.ThreadPoolExecutor.getTask(ThreadPoolExecutor.java:1054)
  java.base@11.0.27/java.util.concurrent.ThreadPoolExecutor.runWorker(ThreadPoolExecutor.java:1114)
  java.base@11.0.27/java.util.concurrent.ThreadPoolExecutor$Worker.run(ThreadPoolExecutor.java:628)
  java.base@11.0.27/java.lang.Thread.run(Thread.java:829)

Thread[Common-Cleaner,8,InnocuousThreadGroup]
  java.base@11.0.27/java.lang.Object.wait(Native Method)
  java.base@11.0.27/java.lang.ref.ReferenceQueue.remove(ReferenceQueue.java:155)
  java.base@11.0.27/jdk.internal.ref.CleanerImpl.run(CleanerImpl.java:148)
  java.base@11.0.27/java.lang.Thread.run(Thread.java:829)
  java.base@11.0.27/jdk.internal.misc.InnocuousThread.run(InnocuousThread.java:161)

Thread[main,5,main]
  java.base@11.0.27/jdk.internal.misc.Unsafe.park(Native Method)
  java.base@11.0.27/java.util.concurrent.locks.LockSupport.park(LockSupport.java:194)
  java.base@11.0.27/java.util.concurrent.locks.AbstractQueuedSynchronizer$ConditionObject.await(AbstractQueuedSynchronizer.java:2081)
  app//nextflow.util.Barrier$_awaitCompletion_closure3.doCall(Barrier.groovy:92)
  app//nextflow.util.Barrier$_awaitCompletion_closure3.call(Barrier.groovy)
  app//nextflow.extension.Bolts.withLock(Bolts.groovy:337)
  app//nextflow.extension.Bolts.withLock(Bolts.groovy)
  app//nextflow.util.Barrier.awaitCompletion(Barrier.groovy:89)
  app//nextflow.Session.await(Session.groovy:676)
  app//nextflow.script.ScriptRunner.await(ScriptRunner.groovy:256)
  app//nextflow.script.ScriptRunner.execute(ScriptRunner.groovy:144)
  app//nextflow.cli.CmdRun.run(CmdRun.groovy:376)
  app//nextflow.cli.Launcher.run(Launcher.groovy:503)
  app//nextflow.cli.Launcher.main(Launcher.groovy:658)

Thread[process reaper,10,system]
  java.base@11.0.27/jdk.internal.misc.Unsafe.park(Native Method)
  java.base@11.0.27/java.util.concurrent.locks.LockSupport.parkNanos(LockSupport.java:234)
  java.base@11.0.27/java.util.concurrent.SynchronousQueue$TransferStack.awaitFulfill(SynchronousQueue.java:462)
  java.base@11.0.27/java.util.concurrent.SynchronousQueue$TransferStack.transfer(SynchronousQueue.java:361)
  java.base@11.0.27/java.util.concurrent.SynchronousQueue.poll(SynchronousQueue.java:937)
  java.base@11.0.27/java.util.concurrent.ThreadPoolExecutor.getTask(ThreadPoolExecutor.java:1053)
  java.base@11.0.27/java.util.concurrent.ThreadPoolExecutor.runWorker(ThreadPoolExecutor.java:1114)
  java.base@11.0.27/java.util.concurrent.ThreadPoolExecutor$Worker.run(ThreadPoolExecutor.java:628)
  java.base@11.0.27/java.lang.Thread.run(Thread.java:829)

Thread[Actor Thread 2,5,main]
  java.base@11.0.27/jdk.internal.misc.Unsafe.park(Native Method)
  java.base@11.0.27/java.util.concurrent.locks.LockSupport.park(LockSupport.java:194)
  java.base@11.0.27/java.util.concurrent.SynchronousQueue$TransferStack.awaitFulfill(SynchronousQueue.java:460)
  java.base@11.0.27/java.util.concurrent.SynchronousQueue$TransferStack.transfer(SynchronousQueue.java:361)
  java.base@11.0.27/java.util.concurrent.SynchronousQueue.take(SynchronousQueue.java:920)
  java.base@11.0.27/java.util.concurrent.ThreadPoolExecutor.getTask(ThreadPoolExecutor.java:1054)
  java.base@11.0.27/java.util.concurrent.ThreadPoolExecutor.runWorker(ThreadPoolExecutor.java:1114)
  java.base@11.0.27/java.util.concurrent.ThreadPoolExecutor$Worker.run(ThreadPoolExecutor.java:628)
  java.base@11.0.27/java.lang.Thread.run(Thread.java:829)

Thread[SIGINT handler,9,system]
  java.base@11.0.27/java.lang.Thread.dumpThreads(Native Method)
  java.base@11.0.27/java.lang.Thread.getAllStackTraces(Thread.java:1653)
  app//nextflow.util.SysHelper.dumpThreads(SysHelper.groovy:188)
  app//nextflow.Session.abort(Session.groovy:800)
  app//nextflow.Session$_registerSignalHandlers_closure17.doCall(Session.groovy:489)
  java.base@11.0.27/jdk.internal.reflect.NativeMethodAccessorImpl.invoke0(Native Method)
  java.base@11.0.27/jdk.internal.reflect.NativeMethodAccessorImpl.invoke(NativeMethodAccessorImpl.java:62)
  java.base@11.0.27/jdk.internal.reflect.DelegatingMethodAccessorImpl.invoke(DelegatingMethodAccessorImpl.java:43)
  java.base@11.0.27/java.lang.reflect.Method.invoke(Method.java:566)
  app//org.codehaus.groovy.reflection.CachedMethod.invoke(CachedMethod.java:343)
  app//groovy.lang.MetaMethod.doMethodInvoke(MetaMethod.java:328)
  app//org.codehaus.groovy.runtime.metaclass.ClosureMetaClass.invokeMethod(ClosureMetaClass.java:279)
  app//groovy.lang.MetaClassImpl.invokeMethod(MetaClassImpl.java:1007)
  app//groovy.lang.Closure.call(Closure.java:433)
  app//org.codehaus.groovy.runtime.ConvertedClosure.invokeCustom(ConvertedClosure.java:52)
  app//org.codehaus.groovy.runtime.ConversionHandler.invoke(ConversionHandler.java:113)
  com.sun.proxy.$Proxy26.handle(Unknown Source)
  jdk.unsupported@11.0.27/sun.misc.Signal$InternalMiscHandler.handle(Signal.java:198)
  java.base@11.0.27/jdk.internal.misc.Signal$1.run(Signal.java:220)
  java.base@11.0.27/java.lang.Thread.run(Thread.java:829)

Thread[AnsiLogObserver,5,main]
  java.base@11.0.27/java.lang.Object.wait(Native Method)
  app//nextflow.trace.AnsiLogObserver.render0(AnsiLogObserver.groovy:185)
  java.base@11.0.27/jdk.internal.reflect.NativeMethodAccessorImpl.invoke0(Native Method)
  java.base@11.0.27/jdk.internal.reflect.NativeMethodAccessorImpl.invoke(NativeMethodAccessorImpl.java:62)
  java.base@11.0.27/jdk.internal.reflect.DelegatingMethodAccessorImpl.invoke(DelegatingMethodAccessorImpl.java:43)
  java.base@11.0.27/java.lang.reflect.Method.invoke(Method.java:566)
  app//org.codehaus.groovy.reflection.CachedMethod.invoke(CachedMethod.java:343)
  app//groovy.lang.MetaMethod.doMethodInvoke(MetaMethod.java:328)
  app//groovy.lang.MetaClassImpl.doInvokeMethod(MetaClassImpl.java:1333)
  app//groovy.lang.MetaClassImpl.invokeMethod(MetaClassImpl.java:1088)
  app//groovy.lang.MetaClassImpl.invokeMethodClosure(MetaClassImpl.java:1017)
  app//groovy.lang.MetaClassImpl.doInvokeMethod(MetaClassImpl.java:1207)
  app//groovy.lang.MetaClassImpl.invokeMethod(MetaClassImpl.java:1088)
  app//groovy.lang.MetaClassImpl.invokeMethod(MetaClassImpl.java:1007)
  app//groovy.lang.Closure.call(Closure.java:433)
  app//groovy.lang.Closure.call(Closure.java:412)
  app//groovy.lang.Closure.run(Closure.java:505)
  java.base@11.0.27/java.lang.Thread.run(Thread.java:829)

Thread[Actor Thread 5,5,main]
  java.base@11.0.27/jdk.internal.misc.Unsafe.park(Native Method)
  java.base@11.0.27/java.util.concurrent.locks.LockSupport.park(LockSupport.java:194)
  java.base@11.0.27/java.util.concurrent.SynchronousQueue$TransferStack.awaitFulfill(SynchronousQueue.java:460)
  java.base@11.0.27/java.util.concurrent.SynchronousQueue$TransferStack.transfer(SynchronousQueue.java:361)
  java.base@11.0.27/java.util.concurrent.SynchronousQueue.take(SynchronousQueue.java:920)
  java.base@11.0.27/java.util.concurrent.ThreadPoolExecutor.getTask(ThreadPoolExecutor.java:1054)
  java.base@11.0.27/java.util.concurrent.ThreadPoolExecutor.runWorker(ThreadPoolExecutor.java:1114)
  java.base@11.0.27/java.util.concurrent.ThreadPoolExecutor$Worker.run(ThreadPoolExecutor.java:628)
  java.base@11.0.27/java.lang.Thread.run(Thread.java:829)

Thread[Signal Dispatcher,9,system]

Thread[Actor Thread 4,5,main]
  java.base@11.0.27/jdk.internal.misc.Unsafe.park(Native Method)
  java.base@11.0.27/java.util.concurrent.locks.LockSupport.park(LockSupport.java:194)
  java.base@11.0.27/java.util.concurrent.SynchronousQueue$TransferStack.awaitFulfill(SynchronousQueue.java:460)
  java.base@11.0.27/java.util.concurrent.SynchronousQueue$TransferStack.transfer(SynchronousQueue.java:361)
  java.base@11.0.27/java.util.concurrent.SynchronousQueue.take(SynchronousQueue.java:920)
  java.base@11.0.27/java.util.concurrent.ThreadPoolExecutor.getTask(ThreadPoolExecutor.java:1054)
  java.base@11.0.27/java.util.concurrent.ThreadPoolExecutor.runWorker(ThreadPoolExecutor.java:1114)
  java.base@11.0.27/java.util.concurrent.ThreadPoolExecutor$Worker.run(ThreadPoolExecutor.java:628)
  java.base@11.0.27/java.lang.Thread.run(Thread.java:829)

Thread[Actor Thread 3,5,main]
  java.base@11.0.27/jdk.internal.misc.Unsafe.park(Native Method)
  java.base@11.0.27/java.util.concurrent.locks.LockSupport.park(LockSupport.java:194)
  java.base@11.0.27/java.util.concurrent.SynchronousQueue$TransferStack.awaitFulfill(SynchronousQueue.java:460)
  java.base@11.0.27/java.util.concurrent.SynchronousQueue$TransferStack.transfer(SynchronousQueue.java:361)
  java.base@11.0.27/java.util.concurrent.SynchronousQueue.take(SynchronousQueue.java:920)
  java.base@11.0.27/java.util.concurrent.ThreadPoolExecutor.getTask(ThreadPoolExecutor.java:1054)
  java.base@11.0.27/java.util.concurrent.ThreadPoolExecutor.runWorker(ThreadPoolExecutor.java:1114)
  java.base@11.0.27/java.util.concurrent.ThreadPoolExecutor$Worker.run(ThreadPoolExecutor.java:628)
  java.base@11.0.27/java.lang.Thread.run(Thread.java:829)

Thread[Task submitter,5,main]
  java.base@11.0.27/jdk.internal.misc.Unsafe.park(Native Method)
  java.base@11.0.27/java.util.concurrent.locks.LockSupport.parkNanos(LockSupport.java:234)
  java.base@11.0.27/java.util.concurrent.locks.AbstractQueuedSynchronizer$ConditionObject.await(AbstractQueuedSynchronizer.java:2211)
  app//nextflow.processor.TaskPollingMonitor.awaitSlots(TaskPollingMonitor.groovy:399)
  app//nextflow.processor.TaskPollingMonitor.submitLoop(TaskPollingMonitor.groovy:420)
  java.base@11.0.27/jdk.internal.reflect.NativeMethodAccessorImpl.invoke0(Native Method)
  java.base@11.0.27/jdk.internal.reflect.NativeMethodAccessorImpl.invoke(NativeMethodAccessorImpl.java:62)
  java.base@11.0.27/jdk.internal.reflect.DelegatingMethodAccessorImpl.invoke(DelegatingMethodAccessorImpl.java:43)
  java.base@11.0.27/java.lang.reflect.Method.invoke(Method.java:566)
  app//org.codehaus.groovy.reflection.CachedMethod.invoke(CachedMethod.java:343)
  app//groovy.lang.MetaMethod.doMethodInvoke(MetaMethod.java:328)
  app//groovy.lang.MetaClassImpl.doInvokeMethod(MetaClassImpl.java:1333)
  app//groovy.lang.MetaClassImpl.invokeMethod(MetaClassImpl.java:1088)
  app//groovy.lang.MetaClassImpl.invokeMethodClosure(MetaClassImpl.java:1017)
  app//groovy.lang.MetaClassImpl.doInvokeMethod(MetaClassImpl.java:1207)
  app//groovy.lang.MetaClassImpl.invokeMethod(MetaClassImpl.java:1088)
  app//groovy.lang.MetaClassImpl.invokeMethod(MetaClassImpl.java:1007)
  app//groovy.lang.Closure.call(Closure.java:433)
  app//groovy.lang.Closure.call(Closure.java:412)
  app//groovy.lang.Closure.run(Closure.java:505)
  java.base@11.0.27/java.lang.Thread.run(Thread.java:829)

Thread[Thread-1,5,main]
  java.base@11.0.27/jdk.internal.misc.Unsafe.park(Native Method)
  java.base@11.0.27/java.util.concurrent.locks.LockSupport.parkNanos(LockSupport.java:234)
  java.base@11.0.27/java.util.concurrent.locks.AbstractQueuedSynchronizer$ConditionObject.awaitNanos(AbstractQueuedSynchronizer.java:2123)
  java.base@11.0.27/java.util.concurrent.LinkedBlockingDeque.pollFirst(LinkedBlockingDeque.java:513)
  java.base@11.0.27/java.util.concurrent.LinkedBlockingDeque.poll(LinkedBlockingDeque.java:675)
  app//nextflow.util.SimpleAgent.run(SimpleAgent.groovy:89)
  java.base@11.0.27/jdk.internal.reflect.NativeMethodAccessorImpl.invoke0(Native Method)
  java.base@11.0.27/jdk.internal.reflect.NativeMethodAccessorImpl.invoke(NativeMethodAccessorImpl.java:62)
  java.base@11.0.27/jdk.internal.reflect.DelegatingMethodAccessorImpl.invoke(DelegatingMethodAccessorImpl.java:43)
  java.base@11.0.27/java.lang.reflect.Method.invoke(Method.java:566)
  app//org.codehaus.groovy.reflection.CachedMethod.invoke(CachedMethod.java:343)
  app//groovy.lang.MetaMethod.doMethodInvoke(MetaMethod.java:328)
  app//groovy.lang.MetaClassImpl.doInvokeMethod(MetaClassImpl.java:1333)
  app//groovy.lang.MetaClassImpl.invokeMethod(MetaClassImpl.java:1088)
  app//groovy.lang.MetaClassImpl.invokeMethodClosure(MetaClassImpl.java:1017)
  app//groovy.lang.MetaClassImpl.doInvokeMethod(MetaClassImpl.java:1207)
  app//groovy.lang.MetaClassImpl.invokeMethod(MetaClassImpl.java:1088)
  app//groovy.lang.MetaClassImpl.invokeMethod(MetaClassImpl.java:1007)
  app//groovy.lang.Closure.call(Closure.java:433)
  app//groovy.lang.Closure.call(Closure.java:412)
  app//groovy.lang.Closure.run(Closure.java:505)
  java.base@11.0.27/java.lang.Thread.run(Thread.java:829)

Thread[Actor Thread 8,5,main]
  java.base@11.0.27/jdk.internal.misc.Unsafe.park(Native Method)
  java.base@11.0.27/java.util.concurrent.locks.LockSupport.park(LockSupport.java:194)
  java.base@11.0.27/java.util.concurrent.SynchronousQueue$TransferStack.awaitFulfill(SynchronousQueue.java:460)
  java.base@11.0.27/java.util.concurrent.SynchronousQueue$TransferStack.transfer(SynchronousQueue.java:361)
  java.base@11.0.27/java.util.concurrent.SynchronousQueue.take(SynchronousQueue.java:920)
  java.base@11.0.27/java.util.concurrent.ThreadPoolExecutor.getTask(ThreadPoolExecutor.java:1054)
  java.base@11.0.27/java.util.concurrent.ThreadPoolExecutor.runWorker(ThreadPoolExecutor.java:1114)
  java.base@11.0.27/java.util.concurrent.ThreadPoolExecutor$Worker.run(ThreadPoolExecutor.java:628)
  java.base@11.0.27/java.lang.Thread.run(Thread.java:829)

Thread[Reference Handler,10,system]
  java.base@11.0.27/java.lang.ref.Reference.waitForReferencePendingList(Native Method)
  java.base@11.0.27/java.lang.ref.Reference.processPendingReferences(Reference.java:241)
  java.base@11.0.27/java.lang.ref.Reference$ReferenceHandler.run(Reference.java:213)

Thread[Actor Thread 1,5,main]
  java.base@11.0.27/jdk.internal.misc.Unsafe.park(Native Method)
  java.base@11.0.27/java.util.concurrent.locks.LockSupport.park(LockSupport.java:194)
  java.base@11.0.27/java.util.concurrent.SynchronousQueue$TransferStack.awaitFulfill(SynchronousQueue.java:460)
  java.base@11.0.27/java.util.concurrent.SynchronousQueue$TransferStack.transfer(SynchronousQueue.java:361)
  java.base@11.0.27/java.util.concurrent.SynchronousQueue.take(SynchronousQueue.java:920)
  java.base@11.0.27/java.util.concurrent.ThreadPoolExecutor.getTask(ThreadPoolExecutor.java:1054)
  java.base@11.0.27/java.util.concurrent.ThreadPoolExecutor.runWorker(ThreadPoolExecutor.java:1114)
  java.base@11.0.27/java.util.concurrent.ThreadPoolExecutor$Worker.run(ThreadPoolExecutor.java:628)
  java.base@11.0.27/java.lang.Thread.run(Thread.java:829)

Nov.-17 03:56:38.616 [main] DEBUG nextflow.Session - Session await > all processes finished
Nov.-17 03:56:38.617 [main] DEBUG nextflow.Session - Session await > all barriers passed
Nov.-17 03:56:38.626 [main] DEBUG n.trace.WorkflowStatsObserver - Workflow completed > WorkflowStats[succeededCount=0; failedCount=1; ignoredCount=0; cachedCount=0; pendingCount=5; submittedCount=0; runningCount=0; retriesCount=0; abortedCount=0; succeedDuration=0ms; failedDuration=8m 41s; cachedDuration=0ms;loadCpus=0; loadMemory=0; peakRunning=1; peakCpus=6; peakMemory=7 GB; ]
Nov.-17 03:56:39.493 [main] DEBUG nextflow.cache.CacheDB - Closing CacheDB done
Nov.-17 03:56:40.576 [main] DEBUG nextflow.script.ScriptRunner - > Execution complete -- Goodbye
